Couldn't import dot_parser, loading of dot files will not be possible.
Dimension is: 2
Size of datasets is: 250
Level is:  3
Gridsize is: 17
{1: [(0,), (1,)], 2: [(0, 1)], 3: []}
[-----------------100%-----------------] 100 of 100 complete in 0.0 sec
[----------       28%                  ] 2830 of 10000 complete in 0.5 sec
[-----------------56%-                 ] 5685 of 10000 complete in 1.0 sec
[-----------------84%------------      ] 8449 of 10000 complete in 1.5 sec
[-----------------100%-----------------] 10000 of 10000 complete in 1.8 sec
Psi values:  [ 1.          1.01352507  0.76374622  0.89762792  0.00668408  0.00323657
  0.67143192  0.82118987  0.93628267  0.72237052  0.00689385  0.01248335
  0.81866632  0.77587184  1.00209781  0.66387642  0.68339949]
cg alpha:  [0, -0.0145309, 0.0351595, -0.01906, 0.00964635, 0.0106853, -0.0332651, -0.010582, -0.0015765, -0.0175142, 0.011936, 0.0126639, -0.0191704, -0.0342697, -0.0671534, -0.0431207, -0.0446337]
old alpha:  [1, 1, 1, 1, 1, 1, 1, 1, 1, 1, 1, 1, 1, 1, 1, 1, 1]
[----------       27%                  ] 2733 of 10000 complete in 0.5 sec
[-----------------55%                  ] 5504 of 10000 complete in 1.0 sec
[-----------------82%-----------       ] 8204 of 10000 complete in 1.5 sec
[-----------------100%-----------------] 10000 of 10000 complete in 1.8 sec
Psi values:  [ 1.          0.85905882  0.89812364  0.74862575  0.00794252  0.00772887
  0.78694073  0.78202844  0.99266121  0.69075841  0.00212531  0.00795474
  0.87183132  0.59644328  0.9202246   0.78981031  0.81458988]
*****************Residual***************   96.0895842762
+++++++++++++++++i+++++++++++++++++++++    1
------------------------------factors--- {1: [(0,), (1,)], 2: [(0, 1)], 3: []}
cg alpha:  [0, -0.00327132, 0.0244907, -0.019743, 0.0095677, 0.0104045, -0.0309065, -0.0051383, -0.00887523, -0.0184578, 0.0122341, 0.0129469, -0.0187688, -0.023102, -0.0608576, -0.0534981, -0.0512301]
old alpha:  [1, 0.985469, 1.03516, 0.98094, 1.00965, 1.01069, 0.966735, 0.989418, 0.998423, 0.982486, 1.01194, 1.01266, 0.98083, 0.96573, 0.932847, 0.956879, 0.955366]
[----------       27%                  ] 2734 of 10000 complete in 0.5 sec
[-----------------54%                  ] 5482 of 10000 complete in 1.0 sec
[-----------------82%-----------       ] 8227 of 10000 complete in 1.5 sec
[-----------------100%-----------------] 10000 of 10000 complete in 1.8 sec
Psi values:  [ 1.          1.01244714  0.74620105  0.88691659  0.00575467  0.00783878
  0.64873868  1.24877426  0.50229952  1.08211499  0.01561638  0.00244138
  0.44175466  1.43948954  0.32523693  0.76465649  0.55884442]
*****************Residual***************   94.1443871959
+++++++++++++++++i+++++++++++++++++++++    2
------------------------------factors--- {1: [(0,), (1,)], 2: [(0, 1)], 3: []}
cg alpha:  [0, -0.0169475, 0.0358071, -0.0178558, 0.00970444, 0.0103976, -0.0326216, -0.0472255, 0.0322714, -0.00903417, 0.0113909, 0.0132915, -0.0263044, -0.0854679, -0.0132608, -0.0424916, -0.0434586]
old alpha:  [1, 0.982198, 1.05965, 0.961197, 1.01921, 1.02109, 0.935828, 0.98428, 0.989548, 0.964028, 1.02417, 1.02561, 0.962061, 0.942628, 0.871989, 0.903381, 0.904136]
[----------       27%                  ] 2711 of 10000 complete in 0.5 sec
[-----------------53%                  ] 5390 of 10000 complete in 1.0 sec
[-----------------80%----------        ] 8085 of 10000 complete in 1.5 sec
[-----------------100%-----------------] 10000 of 10000 complete in 1.9 sec
Psi values:  [ 1.          0.473167    1.26267128  0.41336376  0.00408993  0.01353565
  1.08462192  1.44489695  0.29412125  1.25198993  0.01596571  0.0033194
  0.25276757  0.80127522  0.02706452  1.71987766  0.47716331]
*****************Residual***************   92.2699638659
+++++++++++++++++i+++++++++++++++++++++    3
------------------------------factors--- {1: [(0,), (1,)], 2: [(0, 1)], 3: []}
cg alpha:  [0, 0.0277736, -0.0131667, -0.0260718, 0.00980849, 0.0100416, -0.0225482, -0.0666741, 0.0470984, -0.0057532, 0.011369, 0.0132366, -0.0287033, -0.0332619, -0.00365705, -0.111393, -0.0258739]
old alpha:  [1, 0.96525, 1.09546, 0.943341, 1.02892, 1.03149, 0.903207, 0.937054, 1.02182, 0.954994, 1.03556, 1.0389, 0.935756, 0.85716, 0.858728, 0.86089, 0.860678]
[----------       26%                  ] 2690 of 10000 complete in 0.5 sec
[-----------------53%                  ] 5342 of 10000 complete in 1.0 sec
[-----------------79%----------        ] 7954 of 10000 complete in 1.5 sec
[-----------------100%-----------------] 10000 of 10000 complete in 1.9 sec
Psi values:  [  1.00000000e+00   1.20731705e+00   5.47740247e-01   1.06088653e+00
   1.37127267e-02   6.97061286e-03   4.74843045e-01   7.52384605e-02
   1.65182674e+00   6.38388049e-02   2.30570688e-04   1.89530282e-02
   1.41504558e+00   6.87833912e-02   2.00105255e+00   6.15770408e-02
   9.03822709e-01]
*****************Residual***************   90.3641063943
+++++++++++++++++i+++++++++++++++++++++    4
------------------------------factors--- {1: [(0,), (1,)], 2: [(0, 1)], 3: []}
cg alpha:  [0, -0.0361788, 0.0511843, -0.0152433, 0.00920706, 0.0104519, -0.0356922, 0.0500615, -0.0693977, -0.0284416, 0.0123525, 0.0122595, -0.00427484, 0.020063, -0.134272, -0.0103978, -0.0505504]
old alpha:  [1, 0.993024, 1.08229, 0.917269, 1.03873, 1.04153, 0.880659, 0.87038, 1.06892, 0.949241, 1.04693, 1.05214, 0.907053, 0.823899, 0.855071, 0.749496, 0.834804]
[----------       27%                  ] 2756 of 10000 complete in 0.5 sec
[-----------------54%                  ] 5437 of 10000 complete in 1.0 sec
[-----------------81%----------        ] 8138 of 10000 complete in 1.5 sec
[-----------------100%-----------------] 10000 of 10000 complete in 1.9 sec
Psi values:  [ 1.          0.60588521  1.11065231  0.51976972  0.00890962  0.01997308
  0.95558052  0.81067568  0.91791882  0.69343415  0.01220883  0.0082387
  0.78910938  0.42005847  0.63723291  0.98377473  0.93356474]
*****************Residual***************   88.5304828003
+++++++++++++++++i+++++++++++++++++++++    5
------------------------------factors--- {1: [(0,), (1,)], 2: [(0, 1)], 3: []}
cg alpha:  [0, 0.0143205, -0.0016601, -0.0227827, 0.00950726, 0.00963925, -0.0254204, -0.0146295, -0.00905924, -0.0152114, 0.0116039, 0.0129292, -0.0177713, -0.00968116, -0.0400892, -0.0615913, -0.0549398]
old alpha:  [1, 0.956845, 1.13347, 0.902026, 1.04793, 1.05198, 0.844966, 0.920442, 0.99952, 0.920799, 1.05928, 1.0644, 0.902778, 0.843962, 0.7208, 0.739099, 0.784253]
[----------       27%                  ] 2706 of 10000 complete in 0.5 sec
[-----------------54%                  ] 5403 of 10000 complete in 1.0 sec
[-----------------81%----------        ] 8120 of 10000 complete in 1.5 sec
[-----------------100%-----------------] 10000 of 10000 complete in 1.8 sec
Psi values:  [ 1.          0.80561106  0.9060202   0.68329477  0.01204203  0.01299845
  0.77509691  0.55366965  1.17546602  0.47602408  0.0053264   0.01453732
  1.00988555  0.72292615  0.68534215  0.23830551  1.32488466]
*****************Residual***************   86.718855266
+++++++++++++++++i+++++++++++++++++++++    6
------------------------------factors--- {1: [(0,), (1,)], 2: [(0, 1)], 3: []}
cg alpha:  [0, -0.00377974, 0.0157705, -0.0182576, 0.00931148, 0.0100752, -0.028439, 0.00877716, -0.0319568, -0.0201609, 0.012034, 0.0125355, -0.0131749, -0.0399058, -0.0326458, -0.00402948, -0.0901676]
old alpha:  [1, 0.971166, 1.13181, 0.879243, 1.05744, 1.06162, 0.819546, 0.905812, 0.990461, 0.905588, 1.07089, 1.07733, 0.885007, 0.83428, 0.68071, 0.677507, 0.729314]
[----------       26%                  ] 2683 of 10000 complete in 0.5 sec
[-----------------53%                  ] 5327 of 10000 complete in 1.0 sec
[-----------------80%----------        ] 8070 of 10000 complete in 1.5 sec
[-----------------100%-----------------] 10000 of 10000 complete in 1.9 sec
Psi values:  [ 1.          0.86492787  0.83229429  0.73762466  0.01490599  0.01451867
  0.69643174  0.60158727  1.10107036  0.50845164  0.01494292  0.01694164
  0.93814228  0.48235336  1.00479281  0.55220338  0.86364037]
*****************Residual***************   84.9748389696
+++++++++++++++++i+++++++++++++++++++++    7
------------------------------factors--- {1: [(0,), (1,)], 2: [(0, 1)], 3: []}
cg alpha:  [0, -0.0109092, 0.0182887, -0.0176343, 0.00913249, 0.00998015, -0.0278216, 0.00174565, -0.0283918, -0.0182246, 0.011433, 0.0123852, -0.0135065, -0.0130016, -0.0613671, -0.0327226, -0.0493144]
old alpha:  [1, 0.967386, 1.14759, 0.860986, 1.06675, 1.0717, 0.791107, 0.914589, 0.958504, 0.885427, 1.08292, 1.08986, 0.871832, 0.794375, 0.648065, 0.673478, 0.639146]
[----------       27%                  ] 2751 of 10000 complete in 0.5 sec
[-----------------54%                  ] 5457 of 10000 complete in 1.0 sec
[-----------------80%----------        ] 8091 of 10000 complete in 1.5 sec
[-----------------100%-----------------] 10000 of 10000 complete in 1.9 sec
Psi values:  [ 1.          1.06867932  0.65282227  0.91459204  0.0147137   0.01037699
  0.56195543  1.06261027  0.63044449  0.90832754  0.01711529  0.01512711
  0.524836    1.16469022  0.65035948  0.6860966   0.42512804]
*****************Residual***************   83.2112162759
+++++++++++++++++i+++++++++++++++++++++    8
------------------------------factors--- {1: [(0,), (1,)], 2: [(0, 1)], 3: []}
cg alpha:  [0, -0.0295704, 0.0378055, -0.0142863, 0.0091445, 0.010239, -0.033446, -0.0373114, 0.0130012, -0.0105812, 0.0112972, 0.0124986, -0.0206714, -0.0594481, -0.035232, -0.0387045, -0.0262489]
old alpha:  [1, 0.956477, 1.16587, 0.843351, 1.07589, 1.08168, 0.763285, 0.916335, 0.930113, 0.867202, 1.09435, 1.10225, 0.858326, 0.781373, 0.586698, 0.640755, 0.589832]
[----------       26%                  ] 2671 of 10000 complete in 0.5 sec
[-----------------53%                  ] 5355 of 10000 complete in 1.0 sec
[-----------------80%----------        ] 8038 of 10000 complete in 1.5 sec
[-----------------100%-----------------] 10000 of 10000 complete in 1.9 sec
Psi values:  [ 1.          1.03129498  0.65035187  0.87574458  0.01549718  0.01848554
  0.53542946  0.88316657  0.82705537  0.75401892  0.01484193  0.01409614
  0.70293812  1.19760359  0.57514352  0.30692366  0.80512212]
*****************Residual***************   81.5011678895
+++++++++++++++++i+++++++++++++++++++++    9
------------------------------factors--- {1: [(0,), (1,)], 2: [(0, 1)], 3: []}
cg alpha:  [0, -0.02715, 0.0336533, -0.0141034, 0.00909554, 0.00973222, -0.0304391, -0.0238128, -0.00533886, -0.0137231, 0.0114393, 0.0125631, -0.0183578, -0.0673937, -0.0231468, -0.00661135, -0.055434]
old alpha:  [1, 0.926906, 1.20368, 0.829065, 1.08503, 1.09191, 0.729839, 0.879024, 0.943114, 0.856621, 1.10565, 1.11475, 0.837654, 0.721925, 0.551466, 0.602051, 0.563583]
[----------       26%                  ] 2641 of 10000 complete in 0.5 sec
[-----------------52%                  ] 5298 of 10000 complete in 1.0 sec
[-----------------78%---------         ] 7885 of 10000 complete in 1.5 sec
[-----------------100%-----------------] 10000 of 10000 complete in 1.9 sec
Psi values:  [ 1.          0.9468779   0.72077752  0.79186475  0.02000464  0.01865318
  0.59586712  1.03921757  0.63274141  0.87550041  0.01846048  0.02009774
  0.52066659  1.17662534  0.44437187  0.56401359  0.61835921]
*****************Residual***************   79.8617384162
+++++++++++++++++i+++++++++++++++++++++    10
------------------------------factors--- {1: [(0,), (1,)], 2: [(0, 1)], 3: []}
cg alpha:  [0, -0.0217866, 0.0233883, -0.0141705, 0.00881382, 0.00972175, -0.0291906, -0.0427519, 0.0100981, -0.00940193, 0.0112131, 0.012188, -0.0198631, -0.0619314, -0.0180975, -0.0218507, -0.0397681]
old alpha:  [1, 0.899756, 1.23733, 0.814962, 1.09413, 1.10165, 0.6994, 0.855211, 0.937775, 0.842898, 1.11709, 1.12731, 0.819296, 0.654531, 0.528319, 0.595439, 0.508149]
[---------        25%                  ] 2586 of 10000 complete in 0.5 sec
[-----------------51%                  ] 5148 of 10000 complete in 1.0 sec
[-----------------78%---------         ] 7837 of 10000 complete in 1.5 sec
[-----------------100%-----------------] 10000 of 10000 complete in 1.9 sec
Psi values:  [ 1.          0.63473819  1.01774978  0.51261398  0.023501    0.02334718
  0.85340822  0.76301093  0.86656151  0.62889715  0.02428132  0.02944039
  0.70892779  0.56008383  0.48802945  0.72064813  0.93683633]
*****************Residual***************   78.2888443235
+++++++++++++++++i+++++++++++++++++++++    11
------------------------------factors--- {1: [(0,), (1,)], 2: [(0, 1)], 3: []}
cg alpha:  [0, 0.00111342, -0.00597445, -0.0182816, 0.0085953, 0.00942837, -0.0242617, -0.0199966, -0.0168942, -0.0131024, 0.0108493, 0.0116041, -0.0141683, -0.018322, -0.0212497, -0.034518, -0.0524761]
old alpha:  [1, 0.87797, 1.26072, 0.800791, 1.10294, 1.11137, 0.67021, 0.812459, 0.947873, 0.833496, 1.1283, 1.1395, 0.799433, 0.5926, 0.510221, 0.573589, 0.468381]
[----------       26%                  ] 2691 of 10000 complete in 0.5 sec
[-----------------52%                  ] 5293 of 10000 complete in 1.0 sec
[-----------------79%----------        ] 7956 of 10000 complete in 1.5 sec
[-----------------100%-----------------] 10000 of 10000 complete in 1.9 sec
Psi values:  [ 1.          0.74946325  0.88314056  0.61339965  0.02225741  0.02919314
  0.7222352   0.87543235  0.7387289   0.7195771   0.03089797  0.03249825
  0.59756679  0.61883711  0.61564775  0.81629702  0.60676424]
*****************Residual***************   76.7669867995
+++++++++++++++++i+++++++++++++++++++++    12
------------------------------factors--- {1: [(0,), (1,)], 2: [(0, 1)], 3: []}
cg alpha:  [0, -0.00973577, 0.00365556, -0.0165392, 0.00867302, 0.009063, -0.0246912, -0.0335903, -0.00442462, -0.0103847, 0.0104358, 0.011413, -0.0162272, -0.0163366, -0.0337028, -0.0428568, -0.028886]
old alpha:  [1, 0.879083, 1.25475, 0.78251, 1.11153, 1.1208, 0.645948, 0.792462, 0.930979, 0.820394, 1.13915, 1.1511, 0.785265, 0.574278, 0.488972, 0.539071, 0.415904]
[----------       27%                  ] 2745 of 10000 complete in 0.5 sec
[-----------------53%                  ] 5348 of 10000 complete in 1.0 sec
[-----------------80%----------        ] 8036 of 10000 complete in 1.5 sec
[-----------------100%-----------------] 10000 of 10000 complete in 1.9 sec
Psi values:  [ 1.          0.74627669  0.86081329  0.60170221  0.02502934  0.03369161
  0.69098232  0.83598773  0.7581962   0.68043332  0.03407132  0.03721312
  0.6111553   0.67830309  0.52359605  0.67663203  0.70706586]
*****************Residual***************   75.3081420859
+++++++++++++++++i+++++++++++++++++++++    13
------------------------------factors--- {1: [(0,), (1,)], 2: [(0, 1)], 3: []}
cg alpha:  [0, -0.0133454, 0.00331395, -0.0154754, 0.00849978, 0.00878184, -0.0235755, -0.0322102, -0.00896568, -0.0104223, 0.0102374, 0.0111183, -0.0154924, -0.0214603, -0.022691, -0.0305569, -0.0371523]
old alpha:  [1, 0.869347, 1.2584, 0.76597, 1.12021, 1.12986, 0.621257, 0.758872, 0.926554, 0.810009, 1.14959, 1.16252, 0.769038, 0.557941, 0.455269, 0.496214, 0.387018]
[----------       27%                  ] 2714 of 10000 complete in 0.5 sec
[-----------------53%                  ] 5315 of 10000 complete in 1.0 sec
[-----------------78%---------         ] 7867 of 10000 complete in 1.5 sec
[-----------------100%-----------------] 10000 of 10000 complete in 1.9 sec
Psi values:  [ 1.          0.52228374  1.06641576  0.41055169  0.03257262  0.03582722
  0.86457758  0.82209468  0.73786767  0.6513624   0.0403067   0.04256266
  0.58288789  0.46042169  0.37102871  0.87780048  0.79219243]
*****************Residual***************   73.9123992979
+++++++++++++++++i+++++++++++++++++++++    14
------------------------------factors--- {1: [(0,), (1,)], 2: [(0, 1)], 3: []}
cg alpha:  [0, 0.00728397, -0.0208262, -0.0195807, 0.00802832, 0.00864837, -0.0195746, -0.0336669, -0.012035, -0.00852504, 0.00984774, 0.0107839, -0.0145, -0.00739565, -0.0138055, -0.0420294, -0.0368018]
old alpha:  [1, 0.856002, 1.26172, 0.750495, 1.12871, 1.13864, 0.597681, 0.726662, 0.917589, 0.799587, 1.15983, 1.17363, 0.753545, 0.536481, 0.432578, 0.465657, 0.349866]
[---------        25%                  ] 2576 of 10000 complete in 0.5 sec
[-----------------51%                  ] 5111 of 10000 complete in 1.0 sec
[-----------------77%---------         ] 7772 of 10000 complete in 1.5 sec
[-----------------100%-----------------] 10000 of 10000 complete in 1.9 sec
Psi values:  [ 1.          0.7474824   0.84324824  0.60247768  0.0273219   0.03676987
  0.67031909  0.79193687  0.78850629  0.63394146  0.03429545  0.03317559
  0.62721126  0.66988363  0.52940298  0.60939076  0.72062917]
*****************Residual***************   72.5246530658
+++++++++++++++++i+++++++++++++++++++++    15
------------------------------factors--- {1: [(0,), (1,)], 2: [(0, 1)], 3: []}
cg alpha:  [0, -0.0147941, 0.00145591, -0.0154216, 0.00835649, 0.00858945, -0.0231882, -0.0302395, -0.0162164, -0.0101172, 0.0102234, 0.0113706, -0.0137106, -0.0210013, -0.0206614, -0.0245549, -0.0358214]
old alpha:  [1, 0.863286, 1.24089, 0.730914, 1.13674, 1.14729, 0.578107, 0.692995, 0.905554, 0.791062, 1.16967, 1.18442, 0.739045, 0.529085, 0.418772, 0.423628, 0.313064]
[----------       26%                  ] 2652 of 10000 complete in 0.5 sec
[-----------------52%                  ] 5223 of 10000 complete in 1.0 sec
[-----------------78%---------         ] 7845 of 10000 complete in 1.5 sec
[-----------------100%-----------------] 10000 of 10000 complete in 1.9 sec
Psi values:  [ 1.          0.74291326  0.78998459  0.57008968  0.04230335  0.04011017
  0.61567046  0.69129158  0.85335641  0.5532805   0.03524013  0.05594931
  0.66118127  0.47727713  0.68480338  0.5946003   0.63043729]
*****************Residual***************   71.2373052993
+++++++++++++++++i+++++++++++++++++++++    16
------------------------------factors--- {1: [(0,), (1,)], 2: [(0, 1)], 3: []}
cg alpha:  [0, -0.0215373, 0.00267263, -0.0119442, 0.00742015, 0.00838068, -0.0230151, -0.0237299, -0.0287186, -0.0126152, 0.0101644, 0.00994726, -0.0098506, -0.00322407, -0.0307647, -0.0251938, -0.0246463]
old alpha:  [1, 0.848492, 1.24235, 0.715493, 1.14509, 1.15588, 0.554919, 0.662755, 0.889337, 0.780944, 1.1799, 1.19579, 0.725335, 0.508084, 0.398111, 0.399073, 0.277243]
[---------        25%                  ] 2570 of 10000 complete in 0.5 sec
[-----------------52%                  ] 5232 of 10000 complete in 1.0 sec
[-----------------78%---------         ] 7838 of 10000 complete in 1.5 sec
[-----------------100%-----------------] 10000 of 10000 complete in 1.9 sec
Psi values:  [ 1.          0.73278727  0.79811565  0.57344047  0.03935708  0.04946214
  0.60926801  0.86226031  0.66637944  0.68188475  0.0480201   0.0494825
  0.50952154  0.6867167   0.475873    0.66257804  0.54222292]
*****************Residual***************   69.9786148522
+++++++++++++++++i+++++++++++++++++++++    17
------------------------------factors--- {1: [(0,), (1,)], 2: [(0, 1)], 3: []}
Alpha:  [1, 0.826954, 1.24502, 0.703549, 1.15251, 1.16426, 0.531903, 0.639025, 0.860619, 0.768329, 1.19006, 1.20574, 0.715484, 0.50486, 0.367346, 0.373879, 0.252597]
Mean of the result:  44.3319160897
