Couldn't import dot_parser, loading of dot files will not be possible.
Dimension is: 1
Size of datasets is: 5000
Level is:  2
Gridsize is: 3
{1: [(0,)], 2: []}
debug  [1, 1, 1]
Debug x:  [ 0.5]
Debug alpha[j]:  -0.0
Debug x:  [ 0.25]
Debug alpha[j]:  -3.125
Debug x:  [ 0.75]
Debug alpha[j]:  -3.125
True ALpha:  [-0, -3.125, -3.125]
[-----------------100%-----------------] 10 of 10 complete in 0.0 sec
[-----------------61%---               ] 6124 of 10000 complete in 0.5 sec
[-----------------100%-----------------] 10000 of 10000 complete in 0.8 sec
Psi values:  [ 1.          0.15581068  0.15007975]
MCMC_ExpVal [ 1.] [ 1.] 1.0
----------------------------------------------------------
Ture ExpVal [ 1.] [ 1.] 0.999999426697
..........................................................
MCMC_ExpVal [ 2.] [ 1.] 0.155810678224
----------------------------------------------------------
Ture ExpVal [ 2.] [ 1.] 0.159576317473
..........................................................
MCMC_ExpVal [ 2.] [ 3.] 0.150079746018
----------------------------------------------------------
Ture ExpVal [ 2.] [ 3.] 0.159576317473
..........................................................
cg alpha:  [0, -3.36853e-05, 0.00140384]
old alpha:  [1, 1, 1]
[-----------------62%---               ] 6262 of 10000 complete in 0.5 sec
[-----------------100%-----------------] 10000 of 10000 complete in 0.8 sec
Psi values:  [ 1.          0.14780668  0.16637389]
MCMC_ExpVal [ 1.] [ 1.] 1.0
----------------------------------------------------------
Ture ExpVal [ 1.] [ 1.] 0.999999426697
..........................................................
MCMC_ExpVal [ 2.] [ 1.] 0.147806676846
----------------------------------------------------------
Ture ExpVal [ 2.] [ 1.] 0.159576317473
..........................................................
MCMC_ExpVal [ 2.] [ 3.] 0.166373887793
----------------------------------------------------------
Ture ExpVal [ 2.] [ 3.] 0.159576317473
..........................................................
*****************Residual***************   11.0576304233
+++++++++++++++++i+++++++++++++++++++++    1
------------------------------factors--- {1: [(0,)], 2: []}
cg alpha:  [0, 0.000966815, -0.000632925]
old alpha:  [1, 0.999966, 1.0014]
[-----------------62%---               ] 6283 of 10000 complete in 0.5 sec
[-----------------100%-----------------] 10000 of 10000 complete in 0.8 sec
Psi values:  [ 1.          0.15907702  0.1556505 ]
MCMC_ExpVal [ 1.] [ 1.] 1.0
----------------------------------------------------------
Ture ExpVal [ 1.] [ 1.] 0.999999426697
..........................................................
MCMC_ExpVal [ 2.] [ 1.] 0.159077017269
----------------------------------------------------------
Ture ExpVal [ 2.] [ 1.] 0.159576317473
..........................................................
MCMC_ExpVal [ 2.] [ 3.] 0.155650503966
----------------------------------------------------------
Ture ExpVal [ 2.] [ 3.] 0.159576317473
..........................................................
*****************Residual***************   11.0591042366
+++++++++++++++++i+++++++++++++++++++++    2
------------------------------factors--- {1: [(0,)], 2: []}
cg alpha:  [0, -0.000441978, 0.000707498]
old alpha:  [1, 1.00093, 1.00077]
[-----------------60%---               ] 6058 of 10000 complete in 0.5 sec
[-----------------100%-----------------] 10000 of 10000 complete in 0.8 sec
Psi values:  [ 1.          0.15511419  0.14348047]
MCMC_ExpVal [ 1.] [ 1.] 1.0
----------------------------------------------------------
Ture ExpVal [ 1.] [ 1.] 0.999999426697
..........................................................
MCMC_ExpVal [ 2.] [ 1.] 0.155114192494
----------------------------------------------------------
Ture ExpVal [ 2.] [ 1.] 0.159576317473
..........................................................
MCMC_ExpVal [ 2.] [ 3.] 0.143480474992
----------------------------------------------------------
Ture ExpVal [ 2.] [ 3.] 0.159576317473
..........................................................
*****************Residual***************   11.0718052556
+++++++++++++++++i+++++++++++++++++++++    3
------------------------------factors--- {1: [(0,)], 2: []}
Alpha:  [1, 1.00049, 1.00148]
Mean of the result:  3.85067406165
