Couldn't import dot_parser, loading of dot files will not be possible.
Dimension is: 2
Size of datasets is: 5000
Level is:  3
Gridsize is: 17
{1: [(0,), (1,)], 2: [(0, 1)], 3: []}
[-----------------100%-----------------] 100 of 100 complete in 0.0 sec
[------------     32%                  ] 3273 of 10000 complete in 0.5 sec
[-----------------64%----              ] 6401 of 10000 complete in 1.0 sec
[-----------------93%---------------   ] 9370 of 10000 complete in 1.5 sec
[-----------------100%-----------------] 10000 of 10000 complete in 1.6 sec
Psi values:  [ 1.          1.02618172  0.73736735  0.89811628  0.00506757  0.00894512
  0.64771208  0.95455303  0.81786807  0.83823325  0.00564677  0.00417851
  0.72119571  1.04178441  0.78377731  0.64259733  0.6620449 ]
MCMC_ExpVal [ 1.  1.] [ 1.  1.] 1.0
----------------------------------------------------------
Ture ExpVal [ 1.  1.] [ 1.  1.] 1.0
..........................................................
MCMC_ExpVal [ 2.  1.] [ 1.  1.] 1.02618171815
----------------------------------------------------------
Ture ExpVal [ 2.  1.] [ 1.  1.] 0.0159576912161
..........................................................
MCMC_ExpVal [ 2.  1.] [ 3.  1.] 0.737367353837
----------------------------------------------------------
Ture ExpVal [ 2.  1.] [ 3.  1.] 0.0159576912161
..........................................................
MCMC_ExpVal [ 3.  1.] [ 1.  1.] 0.898116277146
----------------------------------------------------------
Ture ExpVal [ 3.  1.] [ 1.  1.] 3.21833465688e-180
..........................................................
MCMC_ExpVal [ 3.  1.] [ 3.  1.] 0.00506757338768
----------------------------------------------------------
Ture ExpVal [ 3.  1.] [ 3.  1.] 0.0319153824321
..........................................................
MCMC_ExpVal [ 3.  1.] [ 5.  1.] 0.00894511700848
----------------------------------------------------------
Ture ExpVal [ 3.  1.] [ 5.  1.] 0.0319153824321
..........................................................
MCMC_ExpVal [ 3.  1.] [ 7.  1.] 0.647712081125
----------------------------------------------------------
Ture ExpVal [ 3.  1.] [ 7.  1.] 3.21833465687e-180
..........................................................
MCMC_ExpVal [ 1.  2.] [ 1.  1.] 0.954553025075
----------------------------------------------------------
Ture ExpVal [ 1.  2.] [ 1.  1.] 0.0159576912161
..........................................................
MCMC_ExpVal [ 1.  2.] [ 1.  3.] 0.817868066176
----------------------------------------------------------
Ture ExpVal [ 1.  2.] [ 1.  3.] 0.0159576912161
..........................................................
MCMC_ExpVal [ 1.  3.] [ 1.  1.] 0.838233248867
----------------------------------------------------------
Ture ExpVal [ 1.  3.] [ 1.  1.] 3.21833465688e-180
..........................................................
MCMC_ExpVal [ 1.  3.] [ 1.  3.] 0.00564676671901
----------------------------------------------------------
Ture ExpVal [ 1.  3.] [ 1.  3.] 0.0319153824321
..........................................................
MCMC_ExpVal [ 1.  3.] [ 1.  5.] 0.00417851392686
----------------------------------------------------------
Ture ExpVal [ 1.  3.] [ 1.  5.] 0.0319153824321
..........................................................
MCMC_ExpVal [ 1.  3.] [ 1.  7.] 0.721195711643
----------------------------------------------------------
Ture ExpVal [ 1.  3.] [ 1.  7.] 3.21833465687e-180
..........................................................
MCMC_ExpVal [ 2.  2.] [ 1.  1.] 1.04178440725
----------------------------------------------------------
Ture ExpVal [ 2.  2.] [ 1.  1.] 0.000254647908947
..........................................................
MCMC_ExpVal [ 2.  2.] [ 1.  3.] 0.783777305801
----------------------------------------------------------
Ture ExpVal [ 2.  2.] [ 1.  3.] 0.000254647908947
..........................................................
MCMC_ExpVal [ 2.  2.] [ 3.  1.] 0.642597330802
----------------------------------------------------------
Ture ExpVal [ 2.  2.] [ 3.  1.] 0.000254647908947
..........................................................
MCMC_ExpVal [ 2.  2.] [ 3.  3.] 0.662044903469
----------------------------------------------------------
Ture ExpVal [ 2.  2.] [ 3.  3.] 0.000254647908947
..........................................................
cg alpha:  [0, -0.0379862, -0.0437894, -0.0159247, 0.016477, 0.0118033, -0.00916094, -0.0209504, -0.0605526, -0.0218359, 0.0183868, 0.0102683, -0.00405906, -0.0528817, -0.0254354, -0.0191608, -0.0158385]
old alpha:  [1, 1, 1, 1, 1, 1, 1, 1, 1, 1, 1, 1, 1, 1, 1, 1, 1]
[-----------      29%                  ] 2966 of 10000 complete in 0.5 sec
[-----------------57%-                 ] 5780 of 10000 complete in 1.0 sec
[-----------------86%------------      ] 8656 of 10000 complete in 1.5 sec
[-----------------100%-----------------] 10000 of 10000 complete in 1.7 sec
Psi values:  [ 1.          1.10426654  0.66062506  0.96852396  0.01065823  0.00510079
  0.58186406  0.63854926  1.14455568  0.56372792  0.00341801  0.00629534
  1.01398897  0.72019408  1.25622048  0.40866413  0.7665691 ]
MCMC_ExpVal [ 1.  1.] [ 1.  1.] 1.0
----------------------------------------------------------
Ture ExpVal [ 1.  1.] [ 1.  1.] 1.0
..........................................................
MCMC_ExpVal [ 2.  1.] [ 1.  1.] 1.10426654306
----------------------------------------------------------
Ture ExpVal [ 2.  1.] [ 1.  1.] 0.0159576912161
..........................................................
MCMC_ExpVal [ 2.  1.] [ 3.  1.] 0.660625055776
----------------------------------------------------------
Ture ExpVal [ 2.  1.] [ 3.  1.] 0.0159576912161
..........................................................
MCMC_ExpVal [ 3.  1.] [ 1.  1.] 0.96852395528
----------------------------------------------------------
Ture ExpVal [ 3.  1.] [ 1.  1.] 3.21833465688e-180
..........................................................
MCMC_ExpVal [ 3.  1.] [ 3.  1.] 0.0106582315638
----------------------------------------------------------
Ture ExpVal [ 3.  1.] [ 3.  1.] 0.0319153824321
..........................................................
MCMC_ExpVal [ 3.  1.] [ 5.  1.] 0.0051007856993
----------------------------------------------------------
Ture ExpVal [ 3.  1.] [ 5.  1.] 0.0319153824321
..........................................................
MCMC_ExpVal [ 3.  1.] [ 7.  1.] 0.581864064478
----------------------------------------------------------
Ture ExpVal [ 3.  1.] [ 7.  1.] 3.21833465687e-180
..........................................................
MCMC_ExpVal [ 1.  2.] [ 1.  1.] 0.638549261433
----------------------------------------------------------
Ture ExpVal [ 1.  2.] [ 1.  1.] 0.0159576912161
..........................................................
MCMC_ExpVal [ 1.  2.] [ 1.  3.] 1.14455567577
----------------------------------------------------------
Ture ExpVal [ 1.  2.] [ 1.  3.] 0.0159576912161
..........................................................
MCMC_ExpVal [ 1.  3.] [ 1.  1.] 0.563727923896
----------------------------------------------------------
Ture ExpVal [ 1.  3.] [ 1.  1.] 3.21833465688e-180
..........................................................
MCMC_ExpVal [ 1.  3.] [ 1.  3.] 0.00341801046487
----------------------------------------------------------
Ture ExpVal [ 1.  3.] [ 1.  3.] 0.0319153824321
..........................................................
MCMC_ExpVal [ 1.  3.] [ 1.  5.] 0.00629533778867
----------------------------------------------------------
Ture ExpVal [ 1.  3.] [ 1.  5.] 0.0319153824321
..........................................................
MCMC_ExpVal [ 1.  3.] [ 1.  7.] 1.01398896599
----------------------------------------------------------
Ture ExpVal [ 1.  3.] [ 1.  7.] 3.21833465687e-180
..........................................................
MCMC_ExpVal [ 2.  2.] [ 1.  1.] 0.720194078022
----------------------------------------------------------
Ture ExpVal [ 2.  2.] [ 1.  1.] 0.000254647908947
..........................................................
MCMC_ExpVal [ 2.  2.] [ 1.  3.] 1.25622047579
----------------------------------------------------------
Ture ExpVal [ 2.  2.] [ 1.  3.] 0.000254647908947
..........................................................
MCMC_ExpVal [ 2.  2.] [ 3.  1.] 0.408664131349
----------------------------------------------------------
Ture ExpVal [ 2.  2.] [ 3.  1.] 0.000254647908947
..........................................................
MCMC_ExpVal [ 2.  2.] [ 3.  3.] 0.766569095873
----------------------------------------------------------
Ture ExpVal [ 2.  2.] [ 3.  3.] 0.000254647908947
..........................................................
*****************Residual***************   96.0735997004
+++++++++++++++++i+++++++++++++++++++++    1
------------------------------factors--- {1: [(0,), (1,)], 2: [(0, 1)], 3: []}
cg alpha:  [0, -0.0431223, -0.0366583, -0.0149635, 0.0161276, 0.0120436, -0.0105212, 0.00625514, -0.0863725, -0.0270247, 0.0185261, 0.010136, 0.000176147, -0.0294233, -0.0600671, -0.00764993, -0.0197075]
old alpha:  [1, 0.962014, 0.956211, 0.984075, 1.01648, 1.0118, 0.990839, 0.97905, 0.939447, 0.978164, 1.01839, 1.01027, 0.995941, 0.947118, 0.974565, 0.980839, 0.984162]
[----------       28%                  ] 2864 of 10000 complete in 0.5 sec
[-----------------57%-                 ] 5704 of 10000 complete in 1.0 sec
[-----------------85%------------      ] 8500 of 10000 complete in 1.5 sec
[-----------------100%-----------------] 10000 of 10000 complete in 1.8 sec
Psi values:  [ 1.          1.12912946  0.62512457  0.98114855  0.01032182  0.00612093
  0.54851777  1.04762624  0.69310935  0.91172542  0.00714824  0.00973065
  0.59154814  1.38232988  0.57565614  0.45712909  0.64487737]
MCMC_ExpVal [ 1.  1.] [ 1.  1.] 1.0
----------------------------------------------------------
Ture ExpVal [ 1.  1.] [ 1.  1.] 1.0
..........................................................
MCMC_ExpVal [ 2.  1.] [ 1.  1.] 1.12912945715
----------------------------------------------------------
Ture ExpVal [ 2.  1.] [ 1.  1.] 0.0159576912161
..........................................................
MCMC_ExpVal [ 2.  1.] [ 3.  1.] 0.62512456502
----------------------------------------------------------
Ture ExpVal [ 2.  1.] [ 3.  1.] 0.0159576912161
..........................................................
MCMC_ExpVal [ 3.  1.] [ 1.  1.] 0.981148547573
----------------------------------------------------------
Ture ExpVal [ 3.  1.] [ 1.  1.] 3.21833465688e-180
..........................................................
MCMC_ExpVal [ 3.  1.] [ 3.  1.] 0.0103218153904
----------------------------------------------------------
Ture ExpVal [ 3.  1.] [ 3.  1.] 0.0319153824321
..........................................................
MCMC_ExpVal [ 3.  1.] [ 5.  1.] 0.00612093041866
----------------------------------------------------------
Ture ExpVal [ 3.  1.] [ 5.  1.] 0.0319153824321
..........................................................
MCMC_ExpVal [ 3.  1.] [ 7.  1.] 0.548517769407
----------------------------------------------------------
Ture ExpVal [ 3.  1.] [ 7.  1.] 3.21833465687e-180
..........................................................
MCMC_ExpVal [ 1.  2.] [ 1.  1.] 1.04762624267
----------------------------------------------------------
Ture ExpVal [ 1.  2.] [ 1.  1.] 0.0159576912161
..........................................................
MCMC_ExpVal [ 1.  2.] [ 1.  3.] 0.69310934954
----------------------------------------------------------
Ture ExpVal [ 1.  2.] [ 1.  3.] 0.0159576912161
..........................................................
MCMC_ExpVal [ 1.  3.] [ 1.  1.] 0.911725422309
----------------------------------------------------------
Ture ExpVal [ 1.  3.] [ 1.  1.] 3.21833465688e-180
..........................................................
MCMC_ExpVal [ 1.  3.] [ 1.  3.] 0.00714823585098
----------------------------------------------------------
Ture ExpVal [ 1.  3.] [ 1.  3.] 0.0319153824321
..........................................................
MCMC_ExpVal [ 1.  3.] [ 1.  5.] 0.00973065155269
----------------------------------------------------------
Ture ExpVal [ 1.  3.] [ 1.  5.] 0.0319153824321
..........................................................
MCMC_ExpVal [ 1.  3.] [ 1.  7.] 0.591548135382
----------------------------------------------------------
Ture ExpVal [ 1.  3.] [ 1.  7.] 3.21833465687e-180
..........................................................
MCMC_ExpVal [ 2.  2.] [ 1.  1.] 1.3823298808
----------------------------------------------------------
Ture ExpVal [ 2.  2.] [ 1.  1.] 0.000254647908947
..........................................................
MCMC_ExpVal [ 2.  2.] [ 1.  3.] 0.575656141287
----------------------------------------------------------
Ture ExpVal [ 2.  2.] [ 1.  3.] 0.000254647908947
..........................................................
MCMC_ExpVal [ 2.  2.] [ 3.  1.] 0.457129092419
----------------------------------------------------------
Ture ExpVal [ 2.  2.] [ 3.  1.] 0.000254647908947
..........................................................
MCMC_ExpVal [ 2.  2.] [ 3.  3.] 0.644877371981
----------------------------------------------------------
Ture ExpVal [ 2.  2.] [ 3.  3.] 0.000254647908947
..........................................................
*****************Residual***************   93.9612251543
+++++++++++++++++i+++++++++++++++++++++    2
------------------------------factors--- {1: [(0,), (1,)], 2: [(0, 1)], 3: []}
cg alpha:  [0, -0.0515963, -0.0353703, -0.0134311, 0.0161487, 0.0119799, -0.0107878, -0.031671, -0.0543975, -0.0193924, 0.018293, 0.00992128, -0.00345221, -0.0775353, -0.00429112, -0.00121632, -0.0193119]
old alpha:  [1, 0.918891, 0.919552, 0.969112, 1.0326, 1.02385, 0.980318, 0.985305, 0.853075, 0.951139, 1.03691, 1.0204, 0.996117, 0.917695, 0.914498, 0.973189, 0.964454]
[-----------      29%                  ] 2934 of 10000 complete in 0.5 sec
[-----------------57%-                 ] 5736 of 10000 complete in 1.0 sec
[-----------------85%------------      ] 8529 of 10000 complete in 1.5 sec
[-----------------100%-----------------] 10000 of 10000 complete in 1.8 sec
Psi values:  [ 1.          0.82127634  0.93244064  0.71517396  0.01034946  0.00756545
  0.81330803  0.94326851  0.81645954  0.82962365  0.00656099  0.00743874
  0.7077765   0.48201778  0.9629381   1.18207536  0.46725565]
MCMC_ExpVal [ 1.  1.] [ 1.  1.] 1.0
----------------------------------------------------------
Ture ExpVal [ 1.  1.] [ 1.  1.] 1.0
..........................................................
MCMC_ExpVal [ 2.  1.] [ 1.  1.] 0.821276338188
----------------------------------------------------------
Ture ExpVal [ 2.  1.] [ 1.  1.] 0.0159576912161
..........................................................
MCMC_ExpVal [ 2.  1.] [ 3.  1.] 0.932440643572
----------------------------------------------------------
Ture ExpVal [ 2.  1.] [ 3.  1.] 0.0159576912161
..........................................................
MCMC_ExpVal [ 3.  1.] [ 1.  1.] 0.715173963335
----------------------------------------------------------
Ture ExpVal [ 3.  1.] [ 1.  1.] 3.21833465688e-180
..........................................................
MCMC_ExpVal [ 3.  1.] [ 3.  1.] 0.0103494563258
----------------------------------------------------------
Ture ExpVal [ 3.  1.] [ 3.  1.] 0.0319153824321
..........................................................
MCMC_ExpVal [ 3.  1.] [ 5.  1.] 0.00756545114447
----------------------------------------------------------
Ture ExpVal [ 3.  1.] [ 5.  1.] 0.0319153824321
..........................................................
MCMC_ExpVal [ 3.  1.] [ 7.  1.] 0.813308031381
----------------------------------------------------------
Ture ExpVal [ 3.  1.] [ 7.  1.] 3.21833465687e-180
..........................................................
MCMC_ExpVal [ 1.  2.] [ 1.  1.] 0.943268510516
----------------------------------------------------------
Ture ExpVal [ 1.  2.] [ 1.  1.] 0.0159576912161
..........................................................
MCMC_ExpVal [ 1.  2.] [ 1.  3.] 0.816459535632
----------------------------------------------------------
Ture ExpVal [ 1.  2.] [ 1.  3.] 0.0159576912161
..........................................................
MCMC_ExpVal [ 1.  3.] [ 1.  1.] 0.829623648419
----------------------------------------------------------
Ture ExpVal [ 1.  3.] [ 1.  1.] 3.21833465688e-180
..........................................................
MCMC_ExpVal [ 1.  3.] [ 1.  3.] 0.00656099434649
----------------------------------------------------------
Ture ExpVal [ 1.  3.] [ 1.  3.] 0.0319153824321
..........................................................
MCMC_ExpVal [ 1.  3.] [ 1.  5.] 0.00743873959417
----------------------------------------------------------
Ture ExpVal [ 1.  3.] [ 1.  5.] 0.0319153824321
..........................................................
MCMC_ExpVal [ 1.  3.] [ 1.  7.] 0.707776496785
----------------------------------------------------------
Ture ExpVal [ 1.  3.] [ 1.  7.] 3.21833465687e-180
..........................................................
MCMC_ExpVal [ 2.  2.] [ 1.  1.] 0.482017776683
----------------------------------------------------------
Ture ExpVal [ 2.  2.] [ 1.  1.] 0.000254647908947
..........................................................
MCMC_ExpVal [ 2.  2.] [ 1.  3.] 0.96293809734
----------------------------------------------------------
Ture ExpVal [ 2.  2.] [ 1.  3.] 0.000254647908947
..........................................................
MCMC_ExpVal [ 2.  2.] [ 3.  1.] 1.18207536226
----------------------------------------------------------
Ture ExpVal [ 2.  2.] [ 3.  1.] 0.000254647908947
..........................................................
MCMC_ExpVal [ 2.  2.] [ 3.  3.] 0.467255647081
----------------------------------------------------------
Ture ExpVal [ 2.  2.] [ 3.  3.] 0.000254647908947
..........................................................
*****************Residual***************   91.8306332554
+++++++++++++++++i+++++++++++++++++++++    3
------------------------------factors--- {1: [(0,), (1,)], 2: [(0, 1)], 3: []}
cg alpha:  [0, -0.0230826, -0.0609145, -0.01867, 0.0161469, 0.0118896, -0.00547624, -0.0202653, -0.0633289, -0.0221703, 0.0183297, 0.0100645, -0.00255779, -0.00509445, -0.046313, -0.0648282, 0.00794127]
old alpha:  [1, 0.867295, 0.884182, 0.955681, 1.04875, 1.03583, 0.96953, 0.953634, 0.798677, 0.931747, 1.05521, 1.03033, 0.992665, 0.84016, 0.910206, 0.971973, 0.945142]
[----------       28%                  ] 2810 of 10000 complete in 0.5 sec
[-----------------56%-                 ] 5644 of 10000 complete in 1.0 sec
[-----------------85%------------      ] 8555 of 10000 complete in 1.5 sec
[-----------------100%-----------------] 10000 of 10000 complete in 1.8 sec
Psi values:  [ 1.          0.90811524  0.82834409  0.78180074  0.01244247  0.010397
  0.71823483  0.70747502  1.01845919  0.60050953  0.01127671  0.01027075
  0.88254917  0.73529416  0.82522215  0.49497297  0.94894052]
MCMC_ExpVal [ 1.  1.] [ 1.  1.] 1.0
----------------------------------------------------------
Ture ExpVal [ 1.  1.] [ 1.  1.] 1.0
..........................................................
MCMC_ExpVal [ 2.  1.] [ 1.  1.] 0.908115241179
----------------------------------------------------------
Ture ExpVal [ 2.  1.] [ 1.  1.] 0.0159576912161
..........................................................
MCMC_ExpVal [ 2.  1.] [ 3.  1.] 0.828344090209
----------------------------------------------------------
Ture ExpVal [ 2.  1.] [ 3.  1.] 0.0159576912161
..........................................................
MCMC_ExpVal [ 3.  1.] [ 1.  1.] 0.781800741835
----------------------------------------------------------
Ture ExpVal [ 3.  1.] [ 1.  1.] 3.21833465688e-180
..........................................................
MCMC_ExpVal [ 3.  1.] [ 3.  1.] 0.0124424653643
----------------------------------------------------------
Ture ExpVal [ 3.  1.] [ 3.  1.] 0.0319153824321
..........................................................
MCMC_ExpVal [ 3.  1.] [ 5.  1.] 0.0103970048076
----------------------------------------------------------
Ture ExpVal [ 3.  1.] [ 5.  1.] 0.0319153824321
..........................................................
MCMC_ExpVal [ 3.  1.] [ 7.  1.] 0.718234832363
----------------------------------------------------------
Ture ExpVal [ 3.  1.] [ 7.  1.] 3.21833465687e-180
..........................................................
MCMC_ExpVal [ 1.  2.] [ 1.  1.] 0.707475015092
----------------------------------------------------------
Ture ExpVal [ 1.  2.] [ 1.  1.] 0.0159576912161
..........................................................
MCMC_ExpVal [ 1.  2.] [ 1.  3.] 1.01845918907
----------------------------------------------------------
Ture ExpVal [ 1.  2.] [ 1.  3.] 0.0159576912161
..........................................................
MCMC_ExpVal [ 1.  3.] [ 1.  1.] 0.600509534857
----------------------------------------------------------
Ture ExpVal [ 1.  3.] [ 1.  1.] 3.21833465688e-180
..........................................................
MCMC_ExpVal [ 1.  3.] [ 1.  3.] 0.0112767055196
----------------------------------------------------------
Ture ExpVal [ 1.  3.] [ 1.  3.] 0.0319153824321
..........................................................
MCMC_ExpVal [ 1.  3.] [ 1.  5.] 0.0102707511153
----------------------------------------------------------
Ture ExpVal [ 1.  3.] [ 1.  5.] 0.0319153824321
..........................................................
MCMC_ExpVal [ 1.  3.] [ 1.  7.] 0.882549165592
----------------------------------------------------------
Ture ExpVal [ 1.  3.] [ 1.  7.] 3.21833465687e-180
..........................................................
MCMC_ExpVal [ 2.  2.] [ 1.  1.] 0.735294162679
----------------------------------------------------------
Ture ExpVal [ 2.  2.] [ 1.  1.] 0.000254647908947
..........................................................
MCMC_ExpVal [ 2.  2.] [ 1.  3.] 0.825222154914
----------------------------------------------------------
Ture ExpVal [ 2.  2.] [ 1.  3.] 0.000254647908947
..........................................................
MCMC_ExpVal [ 2.  2.] [ 3.  1.] 0.494972974701
----------------------------------------------------------
Ture ExpVal [ 2.  2.] [ 3.  1.] 0.000254647908947
..........................................................
MCMC_ExpVal [ 2.  2.] [ 3.  3.] 0.948940522235
----------------------------------------------------------
Ture ExpVal [ 2.  2.] [ 3.  3.] 0.000254647908947
..........................................................
*****************Residual***************   89.7844030493
+++++++++++++++++i+++++++++++++++++++++    4
------------------------------factors--- {1: [(0,), (1,)], 2: [(0, 1)], 3: []}
cg alpha:  [0, -0.0352238, -0.0552876, -0.0161445, 0.0160161, 0.0117126, -0.00660511, -0.00634584, -0.0828717, -0.0230043, 0.018035, 0.00988752, 0.000846547, -0.0301403, -0.0237442, -0.00700625, -0.0328515]
old alpha:  [1, 0.844213, 0.823267, 0.937011, 1.0649, 1.04772, 0.964054, 0.933368, 0.735349, 0.909577, 1.07354, 1.04039, 0.990107, 0.835065, 0.863893, 0.907145, 0.953083]
[-----------      29%                  ] 2941 of 10000 complete in 0.5 sec
[-----------------58%--                ] 5843 of 10000 complete in 1.0 sec
[-----------------87%-------------     ] 8749 of 10000 complete in 1.5 sec
[-----------------100%-----------------] 10000 of 10000 complete in 1.7 sec
Psi values:  [ 1.          0.80000455  0.92515463  0.69202118  0.01312786  0.01193232
  0.79183547  1.1835271   0.52468715  1.01735395  0.01465797  0.01453596
  0.43826743  0.78417473  0.57473152  1.26321913  0.33612472]
MCMC_ExpVal [ 1.  1.] [ 1.  1.] 1.0
----------------------------------------------------------
Ture ExpVal [ 1.  1.] [ 1.  1.] 1.0
..........................................................
MCMC_ExpVal [ 2.  1.] [ 1.  1.] 0.800004554522
----------------------------------------------------------
Ture ExpVal [ 2.  1.] [ 1.  1.] 0.0159576912161
..........................................................
MCMC_ExpVal [ 2.  1.] [ 3.  1.] 0.92515462904
----------------------------------------------------------
Ture ExpVal [ 2.  1.] [ 3.  1.] 0.0159576912161
..........................................................
MCMC_ExpVal [ 3.  1.] [ 1.  1.] 0.692021176674
----------------------------------------------------------
Ture ExpVal [ 3.  1.] [ 1.  1.] 3.21833465688e-180
..........................................................
MCMC_ExpVal [ 3.  1.] [ 3.  1.] 0.0131278556465
----------------------------------------------------------
Ture ExpVal [ 3.  1.] [ 3.  1.] 0.0319153824321
..........................................................
MCMC_ExpVal [ 3.  1.] [ 5.  1.] 0.0119323237283
----------------------------------------------------------
Ture ExpVal [ 3.  1.] [ 5.  1.] 0.0319153824321
..........................................................
MCMC_ExpVal [ 3.  1.] [ 7.  1.] 0.791835473823
----------------------------------------------------------
Ture ExpVal [ 3.  1.] [ 7.  1.] 3.21833465687e-180
..........................................................
MCMC_ExpVal [ 1.  2.] [ 1.  1.] 1.18352710298
----------------------------------------------------------
Ture ExpVal [ 1.  2.] [ 1.  1.] 0.0159576912161
..........................................................
MCMC_ExpVal [ 1.  2.] [ 1.  3.] 0.524687147975
----------------------------------------------------------
Ture ExpVal [ 1.  2.] [ 1.  3.] 0.0159576912161
..........................................................
MCMC_ExpVal [ 1.  3.] [ 1.  1.] 1.01735395362
----------------------------------------------------------
Ture ExpVal [ 1.  3.] [ 1.  1.] 3.21833465688e-180
..........................................................
MCMC_ExpVal [ 1.  3.] [ 1.  3.] 0.0146579682696
----------------------------------------------------------
Ture ExpVal [ 1.  3.] [ 1.  3.] 0.0319153824321
..........................................................
MCMC_ExpVal [ 1.  3.] [ 1.  5.] 0.0145359627422
----------------------------------------------------------
Ture ExpVal [ 1.  3.] [ 1.  5.] 0.0319153824321
..........................................................
MCMC_ExpVal [ 1.  3.] [ 1.  7.] 0.438267433876
----------------------------------------------------------
Ture ExpVal [ 1.  3.] [ 1.  7.] 3.21833465687e-180
..........................................................
MCMC_ExpVal [ 2.  2.] [ 1.  1.] 0.784174729457
----------------------------------------------------------
Ture ExpVal [ 2.  2.] [ 1.  1.] 0.000254647908947
..........................................................
MCMC_ExpVal [ 2.  2.] [ 1.  3.] 0.57473152376
----------------------------------------------------------
Ture ExpVal [ 2.  2.] [ 1.  3.] 0.000254647908947
..........................................................
MCMC_ExpVal [ 2.  2.] [ 3.  1.] 1.26321913336
----------------------------------------------------------
Ture ExpVal [ 2.  2.] [ 3.  1.] 0.000254647908947
..........................................................
MCMC_ExpVal [ 2.  2.] [ 3.  3.] 0.336124723966
----------------------------------------------------------
Ture ExpVal [ 2.  2.] [ 3.  3.] 0.000254647908947
..........................................................
*****************Residual***************   87.7806889826
+++++++++++++++++i+++++++++++++++++++++    5
------------------------------factors--- {1: [(0,), (1,)], 2: [(0, 1)], 3: []}
cg alpha:  [0, -0.0267333, -0.0661961, -0.0184349, 0.0159733, 0.0116166, -0.00370286, -0.0482127, -0.0432189, -0.0156043, 0.0178236, 0.00962094, -0.00534072, -0.0241228, -0.0151354, -0.0631019, 0.0150527]
old alpha:  [1, 0.808989, 0.76798, 0.920866, 1.08092, 1.05943, 0.957449, 0.927023, 0.652477, 0.886572, 1.09157, 1.05028, 0.990954, 0.804925, 0.840149, 0.900138, 0.920232]
[----------       27%                  ] 2789 of 10000 complete in 0.5 sec
[-----------------56%-                 ] 5684 of 10000 complete in 1.0 sec
[-----------------84%------------      ] 8492 of 10000 complete in 1.5 sec
[-----------------100%-----------------] 10000 of 10000 complete in 1.8 sec
Psi values:  [ 1.          0.76835223  0.94217168  0.65267122  0.01584887  0.01687984
  0.81079769  0.73302931  0.96418063  0.62130029  0.01557235  0.0136544
  0.81932413  0.54059449  0.7562059   0.70333223  0.92168856]
MCMC_ExpVal [ 1.  1.] [ 1.  1.] 1.0
----------------------------------------------------------
Ture ExpVal [ 1.  1.] [ 1.  1.] 1.0
..........................................................
MCMC_ExpVal [ 2.  1.] [ 1.  1.] 0.768352226874
----------------------------------------------------------
Ture ExpVal [ 2.  1.] [ 1.  1.] 0.0159576912161
..........................................................
MCMC_ExpVal [ 2.  1.] [ 3.  1.] 0.942171678854
----------------------------------------------------------
Ture ExpVal [ 2.  1.] [ 3.  1.] 0.0159576912161
..........................................................
MCMC_ExpVal [ 3.  1.] [ 1.  1.] 0.65267121725
----------------------------------------------------------
Ture ExpVal [ 3.  1.] [ 1.  1.] 3.21833465688e-180
..........................................................
MCMC_ExpVal [ 3.  1.] [ 3.  1.] 0.0158488719311
----------------------------------------------------------
Ture ExpVal [ 3.  1.] [ 3.  1.] 0.0319153824321
..........................................................
MCMC_ExpVal [ 3.  1.] [ 5.  1.] 0.0168798382396
----------------------------------------------------------
Ture ExpVal [ 3.  1.] [ 5.  1.] 0.0319153824321
..........................................................
MCMC_ExpVal [ 3.  1.] [ 7.  1.] 0.810797686692
----------------------------------------------------------
Ture ExpVal [ 3.  1.] [ 7.  1.] 3.21833465687e-180
..........................................................
MCMC_ExpVal [ 1.  2.] [ 1.  1.] 0.733029312606
----------------------------------------------------------
Ture ExpVal [ 1.  2.] [ 1.  1.] 0.0159576912161
..........................................................
MCMC_ExpVal [ 1.  2.] [ 1.  3.] 0.96418063153
----------------------------------------------------------
Ture ExpVal [ 1.  2.] [ 1.  3.] 0.0159576912161
..........................................................
MCMC_ExpVal [ 1.  3.] [ 1.  1.] 0.621300285664
----------------------------------------------------------
Ture ExpVal [ 1.  3.] [ 1.  1.] 3.21833465688e-180
..........................................................
MCMC_ExpVal [ 1.  3.] [ 1.  3.] 0.0155723530936
----------------------------------------------------------
Ture ExpVal [ 1.  3.] [ 1.  3.] 0.0319153824321
..........................................................
MCMC_ExpVal [ 1.  3.] [ 1.  5.] 0.0136544013844
----------------------------------------------------------
Ture ExpVal [ 1.  3.] [ 1.  5.] 0.0319153824321
..........................................................
MCMC_ExpVal [ 1.  3.] [ 1.  7.] 0.819324129773
----------------------------------------------------------
Ture ExpVal [ 1.  3.] [ 1.  7.] 3.21833465687e-180
..........................................................
MCMC_ExpVal [ 2.  2.] [ 1.  1.] 0.540594492483
----------------------------------------------------------
Ture ExpVal [ 2.  2.] [ 1.  1.] 0.000254647908947
..........................................................
MCMC_ExpVal [ 2.  2.] [ 1.  3.] 0.756205903578
----------------------------------------------------------
Ture ExpVal [ 2.  2.] [ 1.  3.] 0.000254647908947
..........................................................
MCMC_ExpVal [ 2.  2.] [ 3.  1.] 0.703332232189
----------------------------------------------------------
Ture ExpVal [ 2.  2.] [ 3.  1.] 0.000254647908947
..........................................................
MCMC_ExpVal [ 2.  2.] [ 3.  3.] 0.921688561198
----------------------------------------------------------
Ture ExpVal [ 2.  2.] [ 3.  3.] 0.000254647908947
..........................................................
*****************Residual***************   85.8232591192
+++++++++++++++++i+++++++++++++++++++++    6
------------------------------factors--- {1: [(0,), (1,)], 2: [(0, 1)], 3: []}
cg alpha:  [0, -0.0262182, -0.0676256, -0.0174721, 0.0158032, 0.0113074, -0.00394551, -0.0116249, -0.0809515, -0.0224103, 0.0177665, 0.00967604, 0.00196332, -0.0130095, -0.0212921, -0.0211536, -0.0278061]
old alpha:  [1, 0.782256, 0.701784, 0.902431, 1.09689, 1.07105, 0.953746, 0.87881, 0.609258, 0.870968, 1.10939, 1.0599, 0.985613, 0.780802, 0.825014, 0.837037, 0.935285]
[----------       27%                  ] 2785 of 10000 complete in 0.5 sec
[-----------------56%-                 ] 5629 of 10000 complete in 1.0 sec
[-----------------84%------------      ] 8455 of 10000 complete in 1.5 sec
[-----------------100%-----------------] 10000 of 10000 complete in 1.8 sec
Psi values:  [ 1.          0.98655587  0.68848939  0.82560237  0.02271914  0.01722737
  0.57764928  1.0592463   0.62971193  0.88969002  0.01648131  0.01286377
  0.52851378  1.06210308  0.60150893  0.7345075   0.44386165]
MCMC_ExpVal [ 1.  1.] [ 1.  1.] 1.0
----------------------------------------------------------
Ture ExpVal [ 1.  1.] [ 1.  1.] 1.0
..........................................................
MCMC_ExpVal [ 2.  1.] [ 1.  1.] 0.98655586824
----------------------------------------------------------
Ture ExpVal [ 2.  1.] [ 1.  1.] 0.0159576912161
..........................................................
MCMC_ExpVal [ 2.  1.] [ 3.  1.] 0.688489391994
----------------------------------------------------------
Ture ExpVal [ 2.  1.] [ 3.  1.] 0.0159576912161
..........................................................
MCMC_ExpVal [ 3.  1.] [ 1.  1.] 0.825602371657
----------------------------------------------------------
Ture ExpVal [ 3.  1.] [ 1.  1.] 3.21833465688e-180
..........................................................
MCMC_ExpVal [ 3.  1.] [ 3.  1.] 0.0227191394816
----------------------------------------------------------
Ture ExpVal [ 3.  1.] [ 3.  1.] 0.0319153824321
..........................................................
MCMC_ExpVal [ 3.  1.] [ 5.  1.] 0.017227373935
----------------------------------------------------------
Ture ExpVal [ 3.  1.] [ 5.  1.] 0.0319153824321
..........................................................
MCMC_ExpVal [ 3.  1.] [ 7.  1.] 0.577649276181
----------------------------------------------------------
Ture ExpVal [ 3.  1.] [ 7.  1.] 3.21833465687e-180
..........................................................
MCMC_ExpVal [ 1.  2.] [ 1.  1.] 1.05924630489
----------------------------------------------------------
Ture ExpVal [ 1.  2.] [ 1.  1.] 0.0159576912161
..........................................................
MCMC_ExpVal [ 1.  2.] [ 1.  3.] 0.629711925373
----------------------------------------------------------
Ture ExpVal [ 1.  2.] [ 1.  3.] 0.0159576912161
..........................................................
MCMC_ExpVal [ 1.  3.] [ 1.  1.] 0.889690017611
----------------------------------------------------------
Ture ExpVal [ 1.  3.] [ 1.  1.] 3.21833465688e-180
..........................................................
MCMC_ExpVal [ 1.  3.] [ 1.  3.] 0.0164813124103
----------------------------------------------------------
Ture ExpVal [ 1.  3.] [ 1.  3.] 0.0319153824321
..........................................................
MCMC_ExpVal [ 1.  3.] [ 1.  5.] 0.0128637708039
----------------------------------------------------------
Ture ExpVal [ 1.  3.] [ 1.  5.] 0.0319153824321
..........................................................
MCMC_ExpVal [ 1.  3.] [ 1.  7.] 0.528513780934
----------------------------------------------------------
Ture ExpVal [ 1.  3.] [ 1.  7.] 3.21833465687e-180
..........................................................
MCMC_ExpVal [ 2.  2.] [ 1.  1.] 1.06210307978
----------------------------------------------------------
Ture ExpVal [ 2.  2.] [ 1.  1.] 0.000254647908947
..........................................................
MCMC_ExpVal [ 2.  2.] [ 1.  3.] 0.601508929009
----------------------------------------------------------
Ture ExpVal [ 2.  2.] [ 1.  3.] 0.000254647908947
..........................................................
MCMC_ExpVal [ 2.  2.] [ 3.  1.] 0.734507501595
----------------------------------------------------------
Ture ExpVal [ 2.  2.] [ 3.  1.] 0.000254647908947
..........................................................
MCMC_ExpVal [ 2.  2.] [ 3.  3.] 0.443861650565
----------------------------------------------------------
Ture ExpVal [ 2.  2.] [ 3.  3.] 0.000254647908947
..........................................................
*****************Residual***************   83.9466235284
+++++++++++++++++i+++++++++++++++++++++    7
------------------------------factors--- {1: [(0,), (1,)], 2: [(0, 1)], 3: []}
cg alpha:  [0, -0.0497402, -0.0495543, -0.0118061, 0.0153738, 0.0112857, -0.00650524, -0.0433348, -0.0567292, -0.015189, 0.0177097, 0.00972546, -0.00350095, -0.0460218, -0.00712753, -0.0207099, 0.00413906]
old alpha:  [1, 0.756037, 0.634158, 0.884959, 1.11269, 1.08235, 0.9498, 0.867185, 0.528306, 0.848558, 1.12716, 1.06957, 0.987576, 0.767793, 0.803722, 0.815883, 0.907479]
[----------       28%                  ] 2888 of 10000 complete in 0.5 sec
[-----------------57%-                 ] 5757 of 10000 complete in 1.0 sec
[-----------------86%------------      ] 8628 of 10000 complete in 1.5 sec
[-----------------100%-----------------] 10000 of 10000 complete in 1.7 sec
Psi values:  [ 1.          0.9088638   0.77847677  0.7679253   0.01875448  0.02217095
  0.65745639  1.00650233  0.68663319  0.85158302  0.0190407   0.01377334
  0.58061559  0.84355825  0.6938076   0.84227229  0.4902763 ]
MCMC_ExpVal [ 1.  1.] [ 1.  1.] 1.0
----------------------------------------------------------
Ture ExpVal [ 1.  1.] [ 1.  1.] 1.0
..........................................................
MCMC_ExpVal [ 2.  1.] [ 1.  1.] 0.908863801143
----------------------------------------------------------
Ture ExpVal [ 2.  1.] [ 1.  1.] 0.0159576912161
..........................................................
MCMC_ExpVal [ 2.  1.] [ 3.  1.] 0.778476770606
----------------------------------------------------------
Ture ExpVal [ 2.  1.] [ 3.  1.] 0.0159576912161
..........................................................
MCMC_ExpVal [ 3.  1.] [ 1.  1.] 0.767925302727
----------------------------------------------------------
Ture ExpVal [ 3.  1.] [ 1.  1.] 3.21833465688e-180
..........................................................
MCMC_ExpVal [ 3.  1.] [ 3.  1.] 0.018754475611
----------------------------------------------------------
Ture ExpVal [ 3.  1.] [ 3.  1.] 0.0319153824321
..........................................................
MCMC_ExpVal [ 3.  1.] [ 5.  1.] 0.0221709509275
----------------------------------------------------------
Ture ExpVal [ 3.  1.] [ 5.  1.] 0.0319153824321
..........................................................
MCMC_ExpVal [ 3.  1.] [ 7.  1.] 0.657456387304
----------------------------------------------------------
Ture ExpVal [ 3.  1.] [ 7.  1.] 3.21833465687e-180
..........................................................
MCMC_ExpVal [ 1.  2.] [ 1.  1.] 1.00650232615
----------------------------------------------------------
Ture ExpVal [ 1.  2.] [ 1.  1.] 0.0159576912161
..........................................................
MCMC_ExpVal [ 1.  2.] [ 1.  3.] 0.686633190692
----------------------------------------------------------
Ture ExpVal [ 1.  2.] [ 1.  3.] 0.0159576912161
..........................................................
MCMC_ExpVal [ 1.  3.] [ 1.  1.] 0.851583016095
----------------------------------------------------------
Ture ExpVal [ 1.  3.] [ 1.  1.] 3.21833465688e-180
..........................................................
MCMC_ExpVal [ 1.  3.] [ 1.  3.] 0.0190406969495
----------------------------------------------------------
Ture ExpVal [ 1.  3.] [ 1.  3.] 0.0319153824321
..........................................................
MCMC_ExpVal [ 1.  3.] [ 1.  5.] 0.0137733406804
----------------------------------------------------------
Ture ExpVal [ 1.  3.] [ 1.  5.] 0.0319153824321
..........................................................
MCMC_ExpVal [ 1.  3.] [ 1.  7.] 0.580615593354
----------------------------------------------------------
Ture ExpVal [ 1.  3.] [ 1.  7.] 3.21833465687e-180
..........................................................
MCMC_ExpVal [ 2.  2.] [ 1.  1.] 0.843558253889
----------------------------------------------------------
Ture ExpVal [ 2.  2.] [ 1.  1.] 0.000254647908947
..........................................................
MCMC_ExpVal [ 2.  2.] [ 1.  3.] 0.69380759811
----------------------------------------------------------
Ture ExpVal [ 2.  2.] [ 1.  3.] 0.000254647908947
..........................................................
MCMC_ExpVal [ 2.  2.] [ 3.  1.] 0.842272285942
----------------------------------------------------------
Ture ExpVal [ 2.  2.] [ 3.  1.] 0.000254647908947
..........................................................
MCMC_ExpVal [ 2.  2.] [ 3.  3.] 0.490276295687
----------------------------------------------------------
Ture ExpVal [ 2.  2.] [ 3.  3.] 0.000254647908947
..........................................................
*****************Residual***************   82.0689581083
+++++++++++++++++i+++++++++++++++++++++    8
------------------------------factors--- {1: [(0,), (1,)], 2: [(0, 1)], 3: []}
cg alpha:  [0, -0.0406713, -0.0567638, -0.0143136, 0.0156216, 0.0109767, -0.0052383, -0.0390904, -0.0581378, -0.017013, 0.0175497, 0.00966861, -0.00289295, -0.0289014, -0.0179408, -0.029492, 0.00231637]
old alpha:  [1, 0.706297, 0.584604, 0.873153, 1.12807, 1.09364, 0.943295, 0.82385, 0.471577, 0.833369, 1.14487, 1.0793, 0.984075, 0.721771, 0.796594, 0.795173, 0.911618]
[----------       28%                  ] 2826 of 10000 complete in 0.5 sec
[-----------------56%-                 ] 5633 of 10000 complete in 1.0 sec
[-----------------84%------------      ] 8432 of 10000 complete in 1.5 sec
[-----------------100%-----------------] 10000 of 10000 complete in 1.8 sec
Psi values:  [ 1.          0.69126498  0.97148643  0.56862627  0.02006662  0.01812015
  0.81582812  1.05865774  0.63720824  0.89868307  0.01697292  0.0134513
  0.53754926  0.76572701  0.41423254  0.99819129  0.66024667]
MCMC_ExpVal [ 1.  1.] [ 1.  1.] 1.0
----------------------------------------------------------
Ture ExpVal [ 1.  1.] [ 1.  1.] 1.0
..........................................................
MCMC_ExpVal [ 2.  1.] [ 1.  1.] 0.691264979875
----------------------------------------------------------
Ture ExpVal [ 2.  1.] [ 1.  1.] 0.0159576912161
..........................................................
MCMC_ExpVal [ 2.  1.] [ 3.  1.] 0.971486429333
----------------------------------------------------------
Ture ExpVal [ 2.  1.] [ 3.  1.] 0.0159576912161
..........................................................
MCMC_ExpVal [ 3.  1.] [ 1.  1.] 0.568626274657
----------------------------------------------------------
Ture ExpVal [ 3.  1.] [ 1.  1.] 3.21833465688e-180
..........................................................
MCMC_ExpVal [ 3.  1.] [ 3.  1.] 0.0200666213651
----------------------------------------------------------
Ture ExpVal [ 3.  1.] [ 3.  1.] 0.0319153824321
..........................................................
MCMC_ExpVal [ 3.  1.] [ 5.  1.] 0.0181201532155
----------------------------------------------------------
Ture ExpVal [ 3.  1.] [ 5.  1.] 0.0319153824321
..........................................................
MCMC_ExpVal [ 3.  1.] [ 7.  1.] 0.815828121699
----------------------------------------------------------
Ture ExpVal [ 3.  1.] [ 7.  1.] 3.21833465687e-180
..........................................................
MCMC_ExpVal [ 1.  2.] [ 1.  1.] 1.05865774128
----------------------------------------------------------
Ture ExpVal [ 1.  2.] [ 1.  1.] 0.0159576912161
..........................................................
MCMC_ExpVal [ 1.  2.] [ 1.  3.] 0.637208240154
----------------------------------------------------------
Ture ExpVal [ 1.  2.] [ 1.  3.] 0.0159576912161
..........................................................
MCMC_ExpVal [ 1.  3.] [ 1.  1.] 0.898683072071
----------------------------------------------------------
Ture ExpVal [ 1.  3.] [ 1.  1.] 3.21833465688e-180
..........................................................
MCMC_ExpVal [ 1.  3.] [ 1.  3.] 0.0169729233818
----------------------------------------------------------
Ture ExpVal [ 1.  3.] [ 1.  3.] 0.0319153824321
..........................................................
MCMC_ExpVal [ 1.  3.] [ 1.  5.] 0.0134513030314
----------------------------------------------------------
Ture ExpVal [ 1.  3.] [ 1.  5.] 0.0319153824321
..........................................................
MCMC_ExpVal [ 1.  3.] [ 1.  7.] 0.537549262694
----------------------------------------------------------
Ture ExpVal [ 1.  3.] [ 1.  7.] 3.21833465687e-180
..........................................................
MCMC_ExpVal [ 2.  2.] [ 1.  1.] 0.765727012277
----------------------------------------------------------
Ture ExpVal [ 2.  2.] [ 1.  1.] 0.000254647908947
..........................................................
MCMC_ExpVal [ 2.  2.] [ 1.  3.] 0.414232541551
----------------------------------------------------------
Ture ExpVal [ 2.  2.] [ 1.  3.] 0.000254647908947
..........................................................
MCMC_ExpVal [ 2.  2.] [ 3.  1.] 0.998191292949
----------------------------------------------------------
Ture ExpVal [ 2.  2.] [ 3.  1.] 0.000254647908947
..........................................................
MCMC_ExpVal [ 2.  2.] [ 3.  3.] 0.660246674535
----------------------------------------------------------
Ture ExpVal [ 2.  2.] [ 3.  3.] 0.000254647908947
..........................................................
*****************Residual***************   80.235278318
+++++++++++++++++i+++++++++++++++++++++    9
------------------------------factors--- {1: [(0,), (1,)], 2: [(0, 1)], 3: []}
cg alpha:  [0, -0.0223138, -0.0758981, -0.0166019, 0.0155396, 0.0112299, -0.000909397, -0.0439193, -0.0553009, -0.0163802, 0.0176789, 0.00968873, -0.00368693, -0.026057, 0.00147723, -0.0369839, -0.0088324]
old alpha:  [1, 0.665626, 0.52784, 0.858839, 1.14369, 1.10462, 0.938057, 0.78476, 0.413439, 0.816356, 1.16242, 1.08897, 0.981182, 0.69287, 0.778653, 0.765681, 0.913934]
[----------       27%                  ] 2715 of 10000 complete in 0.5 sec
[-----------------55%-                 ] 5563 of 10000 complete in 1.0 sec
[-----------------82%-----------       ] 8286 of 10000 complete in 1.5 sec
[-----------------100%-----------------] 10000 of 10000 complete in 1.8 sec
Psi values:  [ 1.          0.76231489  0.89588151  0.62975553  0.01739024  0.0197342
  0.74435323  0.82123033  0.84441686  0.68986801  0.02279322  0.02404016
  0.70824402  0.62899739  0.65868694  0.74250656  0.75019612]
MCMC_ExpVal [ 1.  1.] [ 1.  1.] 1.0
----------------------------------------------------------
Ture ExpVal [ 1.  1.] [ 1.  1.] 1.0
..........................................................
MCMC_ExpVal [ 2.  1.] [ 1.  1.] 0.762314888053
----------------------------------------------------------
Ture ExpVal [ 2.  1.] [ 1.  1.] 0.0159576912161
..........................................................
MCMC_ExpVal [ 2.  1.] [ 3.  1.] 0.895881510012
----------------------------------------------------------
Ture ExpVal [ 2.  1.] [ 3.  1.] 0.0159576912161
..........................................................
MCMC_ExpVal [ 3.  1.] [ 1.  1.] 0.629755529797
----------------------------------------------------------
Ture ExpVal [ 3.  1.] [ 1.  1.] 3.21833465688e-180
..........................................................
MCMC_ExpVal [ 3.  1.] [ 3.  1.] 0.0173902368367
----------------------------------------------------------
Ture ExpVal [ 3.  1.] [ 3.  1.] 0.0319153824321
..........................................................
MCMC_ExpVal [ 3.  1.] [ 5.  1.] 0.0197341956865
----------------------------------------------------------
Ture ExpVal [ 3.  1.] [ 5.  1.] 0.0319153824321
..........................................................
MCMC_ExpVal [ 3.  1.] [ 7.  1.] 0.744353228757
----------------------------------------------------------
Ture ExpVal [ 3.  1.] [ 7.  1.] 3.21833465687e-180
..........................................................
MCMC_ExpVal [ 1.  2.] [ 1.  1.] 0.821230334924
----------------------------------------------------------
Ture ExpVal [ 1.  2.] [ 1.  1.] 0.0159576912161
..........................................................
MCMC_ExpVal [ 1.  2.] [ 1.  3.] 0.844416858643
----------------------------------------------------------
Ture ExpVal [ 1.  2.] [ 1.  3.] 0.0159576912161
..........................................................
MCMC_ExpVal [ 1.  3.] [ 1.  1.] 0.689868014843
----------------------------------------------------------
Ture ExpVal [ 1.  3.] [ 1.  1.] 3.21833465688e-180
..........................................................
MCMC_ExpVal [ 1.  3.] [ 1.  3.] 0.0227932205506
----------------------------------------------------------
Ture ExpVal [ 1.  3.] [ 1.  3.] 0.0319153824321
..........................................................
MCMC_ExpVal [ 1.  3.] [ 1.  5.] 0.0240401596432
----------------------------------------------------------
Ture ExpVal [ 1.  3.] [ 1.  5.] 0.0319153824321
..........................................................
MCMC_ExpVal [ 1.  3.] [ 1.  7.] 0.708244021751
----------------------------------------------------------
Ture ExpVal [ 1.  3.] [ 1.  7.] 3.21833465687e-180
..........................................................
MCMC_ExpVal [ 2.  2.] [ 1.  1.] 0.628997386316
----------------------------------------------------------
Ture ExpVal [ 2.  2.] [ 1.  1.] 0.000254647908947
..........................................................
MCMC_ExpVal [ 2.  2.] [ 1.  3.] 0.658686941275
----------------------------------------------------------
Ture ExpVal [ 2.  2.] [ 1.  3.] 0.000254647908947
..........................................................
MCMC_ExpVal [ 2.  2.] [ 3.  1.] 0.742506561308
----------------------------------------------------------
Ture ExpVal [ 2.  2.] [ 3.  1.] 0.000254647908947
..........................................................
MCMC_ExpVal [ 2.  2.] [ 3.  3.] 0.7501961223
----------------------------------------------------------
Ture ExpVal [ 2.  2.] [ 3.  3.] 0.000254647908947
..........................................................
*****************Residual***************   78.4581247688
+++++++++++++++++i+++++++++++++++++++++    10
------------------------------factors--- {1: [(0,), (1,)], 2: [(0, 1)], 3: []}
cg alpha:  [0, -0.0298322, -0.0728405, -0.0153772, 0.0157069, 0.011129, -0.00144075, -0.0234477, -0.0773885, -0.0199417, 0.0173152, 0.00902693, 0.000893113, -0.0172202, -0.0125152, -0.0203023, -0.0116467]
old alpha:  [1, 0.643312, 0.451942, 0.842238, 1.15923, 1.11585, 0.937147, 0.740841, 0.358138, 0.799976, 1.1801, 1.09866, 0.977495, 0.666812, 0.780131, 0.728697, 0.905102]
[----------       27%                  ] 2756 of 10000 complete in 0.5 sec
[-----------------54%                  ] 5434 of 10000 complete in 1.0 sec
[-----------------81%----------        ] 8133 of 10000 complete in 1.5 sec
[-----------------100%-----------------] 10000 of 10000 complete in 1.9 sec
Psi values:  [ 1.          0.84620703  0.79612897  0.69633837  0.02294291  0.02101014
  0.65619959  0.74006933  0.8911374   0.60648254  0.0292515   0.02843431
  0.73562406  0.63401308  0.76342502  0.5631263   0.75343943]
MCMC_ExpVal [ 1.  1.] [ 1.  1.] 1.0
----------------------------------------------------------
Ture ExpVal [ 1.  1.] [ 1.  1.] 1.0
..........................................................
MCMC_ExpVal [ 2.  1.] [ 1.  1.] 0.846207025816
----------------------------------------------------------
Ture ExpVal [ 2.  1.] [ 1.  1.] 0.0159576912161
..........................................................
MCMC_ExpVal [ 2.  1.] [ 3.  1.] 0.7961289711
----------------------------------------------------------
Ture ExpVal [ 2.  1.] [ 3.  1.] 0.0159576912161
..........................................................
MCMC_ExpVal [ 3.  1.] [ 1.  1.] 0.696338371273
----------------------------------------------------------
Ture ExpVal [ 3.  1.] [ 1.  1.] 3.21833465688e-180
..........................................................
MCMC_ExpVal [ 3.  1.] [ 3.  1.] 0.022942906875
----------------------------------------------------------
Ture ExpVal [ 3.  1.] [ 3.  1.] 0.0319153824321
..........................................................
MCMC_ExpVal [ 3.  1.] [ 5.  1.] 0.0210101406519
----------------------------------------------------------
Ture ExpVal [ 3.  1.] [ 5.  1.] 0.0319153824321
..........................................................
MCMC_ExpVal [ 3.  1.] [ 7.  1.] 0.656199587738
----------------------------------------------------------
Ture ExpVal [ 3.  1.] [ 7.  1.] 3.21833465687e-180
..........................................................
MCMC_ExpVal [ 1.  2.] [ 1.  1.] 0.740069328223
----------------------------------------------------------
Ture ExpVal [ 1.  2.] [ 1.  1.] 0.0159576912161
..........................................................
MCMC_ExpVal [ 1.  2.] [ 1.  3.] 0.891137396497
----------------------------------------------------------
Ture ExpVal [ 1.  2.] [ 1.  3.] 0.0159576912161
..........................................................
MCMC_ExpVal [ 1.  3.] [ 1.  1.] 0.606482536758
----------------------------------------------------------
Ture ExpVal [ 1.  3.] [ 1.  1.] 3.21833465688e-180
..........................................................
MCMC_ExpVal [ 1.  3.] [ 1.  3.] 0.0292515017981
----------------------------------------------------------
Ture ExpVal [ 1.  3.] [ 1.  3.] 0.0319153824321
..........................................................
MCMC_ExpVal [ 1.  3.] [ 1.  5.] 0.028434311614
----------------------------------------------------------
Ture ExpVal [ 1.  3.] [ 1.  5.] 0.0319153824321
..........................................................
MCMC_ExpVal [ 1.  3.] [ 1.  7.] 0.73562405973
----------------------------------------------------------
Ture ExpVal [ 1.  3.] [ 1.  7.] 3.21833465687e-180
..........................................................
MCMC_ExpVal [ 2.  2.] [ 1.  1.] 0.634013079688
----------------------------------------------------------
Ture ExpVal [ 2.  2.] [ 1.  1.] 0.000254647908947
..........................................................
MCMC_ExpVal [ 2.  2.] [ 1.  3.] 0.763425019429
----------------------------------------------------------
Ture ExpVal [ 2.  2.] [ 1.  3.] 0.000254647908947
..........................................................
MCMC_ExpVal [ 2.  2.] [ 3.  1.] 0.563126295201
----------------------------------------------------------
Ture ExpVal [ 2.  2.] [ 3.  1.] 0.000254647908947
..........................................................
MCMC_ExpVal [ 2.  2.] [ 3.  3.] 0.753439425298
----------------------------------------------------------
Ture ExpVal [ 2.  2.] [ 3.  3.] 0.000254647908947
..........................................................
*****************Residual***************   76.7531300576
+++++++++++++++++i+++++++++++++++++++++    11
------------------------------factors--- {1: [(0,), (1,)], 2: [(0, 1)], 3: []}
cg alpha:  [0, -0.0401645, -0.0642711, -0.0132087, 0.0153598, 0.0110493, -0.00288578, -0.0208736, -0.0813533, -0.0196684, 0.0169115, 0.0087523, 0.00330566, -0.0156967, -0.0186904, -0.00722465, -0.0140408]
old alpha:  [1, 0.61348, 0.379102, 0.82686, 1.17493, 1.12697, 0.935707, 0.717393, 0.28075, 0.780034, 1.19741, 1.10768, 0.978389, 0.649592, 0.767615, 0.708395, 0.893455]
[----------       27%                  ] 2710 of 10000 complete in 0.5 sec
[-----------------53%                  ] 5340 of 10000 complete in 1.0 sec
[-----------------79%----------        ] 7999 of 10000 complete in 1.5 sec
[-----------------100%-----------------] 10000 of 10000 complete in 1.9 sec
Psi values:  [ 1.          0.84310033  0.7814254   0.6807735   0.02994606  0.02615258
  0.64109107  0.79844949  0.82069547  0.65228548  0.03101839  0.02693291
  0.66867251  0.72090227  0.63288698  0.58265244  0.71209298]
MCMC_ExpVal [ 1.  1.] [ 1.  1.] 1.0
----------------------------------------------------------
Ture ExpVal [ 1.  1.] [ 1.  1.] 1.0
..........................................................
MCMC_ExpVal [ 2.  1.] [ 1.  1.] 0.843100327665
----------------------------------------------------------
Ture ExpVal [ 2.  1.] [ 1.  1.] 0.0159576912161
..........................................................
MCMC_ExpVal [ 2.  1.] [ 3.  1.] 0.781425403287
----------------------------------------------------------
Ture ExpVal [ 2.  1.] [ 3.  1.] 0.0159576912161
..........................................................
MCMC_ExpVal [ 3.  1.] [ 1.  1.] 0.680773497353
----------------------------------------------------------
Ture ExpVal [ 3.  1.] [ 1.  1.] 3.21833465688e-180
..........................................................
MCMC_ExpVal [ 3.  1.] [ 3.  1.] 0.0299460643467
----------------------------------------------------------
Ture ExpVal [ 3.  1.] [ 3.  1.] 0.0319153824321
..........................................................
MCMC_ExpVal [ 3.  1.] [ 5.  1.] 0.026152577958
----------------------------------------------------------
Ture ExpVal [ 3.  1.] [ 5.  1.] 0.0319153824321
..........................................................
MCMC_ExpVal [ 3.  1.] [ 7.  1.] 0.641091067558
----------------------------------------------------------
Ture ExpVal [ 3.  1.] [ 7.  1.] 3.21833465687e-180
..........................................................
MCMC_ExpVal [ 1.  2.] [ 1.  1.] 0.798449493366
----------------------------------------------------------
Ture ExpVal [ 1.  2.] [ 1.  1.] 0.0159576912161
..........................................................
MCMC_ExpVal [ 1.  2.] [ 1.  3.] 0.820695469524
----------------------------------------------------------
Ture ExpVal [ 1.  2.] [ 1.  3.] 0.0159576912161
..........................................................
MCMC_ExpVal [ 1.  3.] [ 1.  1.] 0.652285480605
----------------------------------------------------------
Ture ExpVal [ 1.  3.] [ 1.  1.] 3.21833465688e-180
..........................................................
MCMC_ExpVal [ 1.  3.] [ 1.  3.] 0.0310183891856
----------------------------------------------------------
Ture ExpVal [ 1.  3.] [ 1.  3.] 0.0319153824321
..........................................................
MCMC_ExpVal [ 1.  3.] [ 1.  5.] 0.0269329133598
----------------------------------------------------------
Ture ExpVal [ 1.  3.] [ 1.  5.] 0.0319153824321
..........................................................
MCMC_ExpVal [ 1.  3.] [ 1.  7.] 0.66867250527
----------------------------------------------------------
Ture ExpVal [ 1.  3.] [ 1.  7.] 3.21833465687e-180
..........................................................
MCMC_ExpVal [ 2.  2.] [ 1.  1.] 0.720902265149
----------------------------------------------------------
Ture ExpVal [ 2.  2.] [ 1.  1.] 0.000254647908947
..........................................................
MCMC_ExpVal [ 2.  2.] [ 1.  3.] 0.63288698449
----------------------------------------------------------
Ture ExpVal [ 2.  2.] [ 1.  3.] 0.000254647908947
..........................................................
MCMC_ExpVal [ 2.  2.] [ 3.  1.] 0.582652438661
----------------------------------------------------------
Ture ExpVal [ 2.  2.] [ 3.  1.] 0.000254647908947
..........................................................
MCMC_ExpVal [ 2.  2.] [ 3.  3.] 0.712092975746
----------------------------------------------------------
Ture ExpVal [ 2.  2.] [ 3.  3.] 0.000254647908947
..........................................................
*****************Residual***************   75.1099906274
+++++++++++++++++i+++++++++++++++++++++    12
------------------------------factors--- {1: [(0,), (1,)], 2: [(0, 1)], 3: []}
cg alpha:  [0, -0.0459238, -0.0645671, -0.0116516, 0.0149221, 0.0107279, -0.00283548, -0.0274754, -0.081055, -0.0180959, 0.0168011, 0.00884613, 0.0028695, -0.0203809, -0.00482492, -0.00707727, -0.0100205]
old alpha:  [1, 0.573315, 0.314831, 0.813652, 1.19029, 1.13802, 0.932821, 0.696519, 0.199397, 0.760365, 1.21433, 1.11644, 0.981694, 0.633896, 0.748925, 0.70117, 0.879414]
[----------       27%                  ] 2754 of 10000 complete in 0.5 sec
[-----------------54%                  ] 5449 of 10000 complete in 1.0 sec
[-----------------80%----------        ] 8095 of 10000 complete in 1.5 sec
[-----------------100%-----------------] 10000 of 10000 complete in 1.9 sec
Psi values:  [ 1.          0.91808669  0.71190718  0.75363426  0.03268263  0.02624828
  0.58433542  0.83481506  0.77064047  0.6698331   0.04062987  0.02770008
  0.63423722  0.75358942  0.73162852  0.59323858  0.56236887]
MCMC_ExpVal [ 1.  1.] [ 1.  1.] 1.0
----------------------------------------------------------
Ture ExpVal [ 1.  1.] [ 1.  1.] 1.0
..........................................................
MCMC_ExpVal [ 2.  1.] [ 1.  1.] 0.91808669026
----------------------------------------------------------
Ture ExpVal [ 2.  1.] [ 1.  1.] 0.0159576912161
..........................................................
MCMC_ExpVal [ 2.  1.] [ 3.  1.] 0.711907175624
----------------------------------------------------------
Ture ExpVal [ 2.  1.] [ 3.  1.] 0.0159576912161
..........................................................
MCMC_ExpVal [ 3.  1.] [ 1.  1.] 0.753634260239
----------------------------------------------------------
Ture ExpVal [ 3.  1.] [ 1.  1.] 3.21833465688e-180
..........................................................
MCMC_ExpVal [ 3.  1.] [ 3.  1.] 0.0326826315861
----------------------------------------------------------
Ture ExpVal [ 3.  1.] [ 3.  1.] 0.0319153824321
..........................................................
MCMC_ExpVal [ 3.  1.] [ 5.  1.] 0.0262482798427
----------------------------------------------------------
Ture ExpVal [ 3.  1.] [ 5.  1.] 0.0319153824321
..........................................................
MCMC_ExpVal [ 3.  1.] [ 7.  1.] 0.584335423169
----------------------------------------------------------
Ture ExpVal [ 3.  1.] [ 7.  1.] 3.21833465687e-180
..........................................................
MCMC_ExpVal [ 1.  2.] [ 1.  1.] 0.834815064862
----------------------------------------------------------
Ture ExpVal [ 1.  2.] [ 1.  1.] 0.0159576912161
..........................................................
MCMC_ExpVal [ 1.  2.] [ 1.  3.] 0.770640469458
----------------------------------------------------------
Ture ExpVal [ 1.  2.] [ 1.  3.] 0.0159576912161
..........................................................
MCMC_ExpVal [ 1.  3.] [ 1.  1.] 0.669833098338
----------------------------------------------------------
Ture ExpVal [ 1.  3.] [ 1.  1.] 3.21833465688e-180
..........................................................
MCMC_ExpVal [ 1.  3.] [ 1.  3.] 0.0406298703398
----------------------------------------------------------
Ture ExpVal [ 1.  3.] [ 1.  3.] 0.0319153824321
..........................................................
MCMC_ExpVal [ 1.  3.] [ 1.  5.] 0.0277000813277
----------------------------------------------------------
Ture ExpVal [ 1.  3.] [ 1.  5.] 0.0319153824321
..........................................................
MCMC_ExpVal [ 1.  3.] [ 1.  7.] 0.634237219051
----------------------------------------------------------
Ture ExpVal [ 1.  3.] [ 1.  7.] 3.21833465687e-180
..........................................................
MCMC_ExpVal [ 2.  2.] [ 1.  1.] 0.75358941514
----------------------------------------------------------
Ture ExpVal [ 2.  2.] [ 1.  1.] 0.000254647908947
..........................................................
MCMC_ExpVal [ 2.  2.] [ 1.  3.] 0.731628523861
----------------------------------------------------------
Ture ExpVal [ 2.  2.] [ 1.  3.] 0.000254647908947
..........................................................
MCMC_ExpVal [ 2.  2.] [ 3.  1.] 0.593238579018
----------------------------------------------------------
Ture ExpVal [ 2.  2.] [ 3.  1.] 0.000254647908947
..........................................................
MCMC_ExpVal [ 2.  2.] [ 3.  3.] 0.562368865603
----------------------------------------------------------
Ture ExpVal [ 2.  2.] [ 3.  3.] 0.000254647908947
..........................................................
*****************Residual***************   73.4963407704
+++++++++++++++++i+++++++++++++++++++++    13
------------------------------factors--- {1: [(0,), (1,)], 2: [(0, 1)], 3: []}
cg alpha:  [0, -0.0507911, -0.058965, -0.0113839, 0.0147511, 0.0107219, -0.00442839, -0.034028, -0.0730879, -0.0157461, 0.0162004, 0.00879819, 0.00091497, -0.0201439, -0.0146119, -0.00799721, 0.000257806]
old alpha:  [1, 0.527392, 0.250263, 0.802, 1.20522, 1.14875, 0.929985, 0.669044, 0.118342, 0.74227, 1.23113, 1.12528, 0.984564, 0.613515, 0.7441, 0.694093, 0.869393]
[----------       26%                  ] 2656 of 10000 complete in 0.5 sec
[-----------------52%                  ] 5294 of 10000 complete in 1.0 sec
[-----------------79%----------        ] 7910 of 10000 complete in 1.5 sec
[-----------------100%-----------------] 10000 of 10000 complete in 1.9 sec
Psi values:  [ 1.          0.70337526  0.87709907  0.55958628  0.03863316  0.03484333
  0.70122805  0.8443162   0.74479625  0.67843811  0.0372557   0.03068141
  0.60423049  0.52581714  0.56604689  0.79792373  0.65137467]
MCMC_ExpVal [ 1.  1.] [ 1.  1.] 1.0
----------------------------------------------------------
Ture ExpVal [ 1.  1.] [ 1.  1.] 1.0
..........................................................
MCMC_ExpVal [ 2.  1.] [ 1.  1.] 0.703375255528
----------------------------------------------------------
Ture ExpVal [ 2.  1.] [ 1.  1.] 0.0159576912161
..........................................................
MCMC_ExpVal [ 2.  1.] [ 3.  1.] 0.87709907452
----------------------------------------------------------
Ture ExpVal [ 2.  1.] [ 3.  1.] 0.0159576912161
..........................................................
MCMC_ExpVal [ 3.  1.] [ 1.  1.] 0.559586280486
----------------------------------------------------------
Ture ExpVal [ 3.  1.] [ 1.  1.] 3.21833465688e-180
..........................................................
MCMC_ExpVal [ 3.  1.] [ 3.  1.] 0.0386331646487
----------------------------------------------------------
Ture ExpVal [ 3.  1.] [ 3.  1.] 0.0319153824321
..........................................................
MCMC_ExpVal [ 3.  1.] [ 5.  1.] 0.0348433296014
----------------------------------------------------------
Ture ExpVal [ 3.  1.] [ 5.  1.] 0.0319153824321
..........................................................
MCMC_ExpVal [ 3.  1.] [ 7.  1.] 0.701228049897
----------------------------------------------------------
Ture ExpVal [ 3.  1.] [ 7.  1.] 3.21833465687e-180
..........................................................
MCMC_ExpVal [ 1.  2.] [ 1.  1.] 0.844316196498
----------------------------------------------------------
Ture ExpVal [ 1.  2.] [ 1.  1.] 0.0159576912161
..........................................................
MCMC_ExpVal [ 1.  2.] [ 1.  3.] 0.744796249557
----------------------------------------------------------
Ture ExpVal [ 1.  2.] [ 1.  3.] 0.0159576912161
..........................................................
MCMC_ExpVal [ 1.  3.] [ 1.  1.] 0.678438112736
----------------------------------------------------------
Ture ExpVal [ 1.  3.] [ 1.  1.] 3.21833465688e-180
..........................................................
MCMC_ExpVal [ 1.  3.] [ 1.  3.] 0.0372557026055
----------------------------------------------------------
Ture ExpVal [ 1.  3.] [ 1.  3.] 0.0319153824321
..........................................................
MCMC_ExpVal [ 1.  3.] [ 1.  5.] 0.0306814079897
----------------------------------------------------------
Ture ExpVal [ 1.  3.] [ 1.  5.] 0.0319153824321
..........................................................
MCMC_ExpVal [ 1.  3.] [ 1.  7.] 0.604230490304
----------------------------------------------------------
Ture ExpVal [ 1.  3.] [ 1.  7.] 3.21833465687e-180
..........................................................
MCMC_ExpVal [ 2.  2.] [ 1.  1.] 0.525817137813
----------------------------------------------------------
Ture ExpVal [ 2.  2.] [ 1.  1.] 0.000254647908947
..........................................................
MCMC_ExpVal [ 2.  2.] [ 1.  3.] 0.566046885137
----------------------------------------------------------
Ture ExpVal [ 2.  2.] [ 1.  3.] 0.000254647908947
..........................................................
MCMC_ExpVal [ 2.  2.] [ 3.  1.] 0.797923733566
----------------------------------------------------------
Ture ExpVal [ 2.  2.] [ 3.  1.] 0.000254647908947
..........................................................
MCMC_ExpVal [ 2.  2.] [ 3.  3.] 0.651374673935
----------------------------------------------------------
Ture ExpVal [ 2.  2.] [ 3.  3.] 0.000254647908947
..........................................................
*****************Residual***************   71.9693948283
+++++++++++++++++i+++++++++++++++++++++    14
------------------------------factors--- {1: [(0,), (1,)], 2: [(0, 1)], 3: []}
cg alpha:  [0, -0.0360516, -0.077299, -0.013969, 0.0143792, 0.0101847, 0.00160667, -0.0378198, -0.0742305, -0.0156317, 0.0164113, 0.00861185, 0.00143765, -0.00196937, -0.00341422, -0.021195, -0.00324185]
old alpha:  [1, 0.4766, 0.191298, 0.790616, 1.21997, 1.15947, 0.925557, 0.635016, 0.0452538, 0.726523, 1.24733, 1.13408, 0.985479, 0.593371, 0.729488, 0.686096, 0.869651]
[----------       26%                  ] 2652 of 10000 complete in 0.5 sec
[-----------------52%                  ] 5249 of 10000 complete in 1.0 sec
[-----------------79%----------        ] 7901 of 10000 complete in 1.5 sec
[-----------------100%-----------------] 10000 of 10000 complete in 1.9 sec
Psi values:  [ 1.          0.73673436  0.81687662  0.57194492  0.04201734  0.04074437
  0.6482489   0.86062678  0.71837861  0.68460843  0.04313719  0.03122132
  0.58204361  0.63243461  0.52838704  0.69233941  0.62432325]
MCMC_ExpVal [ 1.  1.] [ 1.  1.] 1.0
----------------------------------------------------------
Ture ExpVal [ 1.  1.] [ 1.  1.] 1.0
..........................................................
MCMC_ExpVal [ 2.  1.] [ 1.  1.] 0.736734363703
----------------------------------------------------------
Ture ExpVal [ 2.  1.] [ 1.  1.] 0.0159576912161
..........................................................
MCMC_ExpVal [ 2.  1.] [ 3.  1.] 0.816876618808
----------------------------------------------------------
Ture ExpVal [ 2.  1.] [ 3.  1.] 0.0159576912161
..........................................................
MCMC_ExpVal [ 3.  1.] [ 1.  1.] 0.57194491887
----------------------------------------------------------
Ture ExpVal [ 3.  1.] [ 1.  1.] 3.21833465688e-180
..........................................................
MCMC_ExpVal [ 3.  1.] [ 3.  1.] 0.0420173396314
----------------------------------------------------------
Ture ExpVal [ 3.  1.] [ 3.  1.] 0.0319153824321
..........................................................
MCMC_ExpVal [ 3.  1.] [ 5.  1.] 0.0407443741058
----------------------------------------------------------
Ture ExpVal [ 3.  1.] [ 5.  1.] 0.0319153824321
..........................................................
MCMC_ExpVal [ 3.  1.] [ 7.  1.] 0.648248901126
----------------------------------------------------------
Ture ExpVal [ 3.  1.] [ 7.  1.] 3.21833465687e-180
..........................................................
MCMC_ExpVal [ 1.  2.] [ 1.  1.] 0.860626777647
----------------------------------------------------------
Ture ExpVal [ 1.  2.] [ 1.  1.] 0.0159576912161
..........................................................
MCMC_ExpVal [ 1.  2.] [ 1.  3.] 0.718378612242
----------------------------------------------------------
Ture ExpVal [ 1.  2.] [ 1.  3.] 0.0159576912161
..........................................................
MCMC_ExpVal [ 1.  3.] [ 1.  1.] 0.684608428962
----------------------------------------------------------
Ture ExpVal [ 1.  3.] [ 1.  1.] 3.21833465688e-180
..........................................................
MCMC_ExpVal [ 1.  3.] [ 1.  3.] 0.0431371937246
----------------------------------------------------------
Ture ExpVal [ 1.  3.] [ 1.  3.] 0.0319153824321
..........................................................
MCMC_ExpVal [ 1.  3.] [ 1.  5.] 0.0312213232285
----------------------------------------------------------
Ture ExpVal [ 1.  3.] [ 1.  5.] 0.0319153824321
..........................................................
MCMC_ExpVal [ 1.  3.] [ 1.  7.] 0.582043611715
----------------------------------------------------------
Ture ExpVal [ 1.  3.] [ 1.  7.] 3.21833465687e-180
..........................................................
MCMC_ExpVal [ 2.  2.] [ 1.  1.] 0.632434613655
----------------------------------------------------------
Ture ExpVal [ 2.  2.] [ 1.  1.] 0.000254647908947
..........................................................
MCMC_ExpVal [ 2.  2.] [ 1.  3.] 0.528387038211
----------------------------------------------------------
Ture ExpVal [ 2.  2.] [ 1.  3.] 0.000254647908947
..........................................................
MCMC_ExpVal [ 2.  2.] [ 3.  1.] 0.692339407386
----------------------------------------------------------
Ture ExpVal [ 2.  2.] [ 3.  1.] 0.000254647908947
..........................................................
MCMC_ExpVal [ 2.  2.] [ 3.  3.] 0.624323247358
----------------------------------------------------------
Ture ExpVal [ 2.  2.] [ 3.  3.] 0.000254647908947
..........................................................
*****************Residual***************   70.5061862769
+++++++++++++++++i+++++++++++++++++++++    15
------------------------------factors--- {1: [(0,), (1,)], 2: [(0, 1)], 3: []}
cg alpha:  [0, -0.0413048, -0.0754245, -0.0113411, 0.0141677, 0.0098159, 0.000703897, -0.0427627, -0.0737617, -0.0143669, 0.0160437, 0.00857811, 0.000905888, -0.00960117, 0.00112464, -0.0102813, -0.00104678]
old alpha:  [1, 0.440549, 0.113999, 0.776647, 1.23435, 1.16966, 0.927164, 0.597196, -0.0289767, 0.710892, 1.26374, 1.14269, 0.986916, 0.591401, 0.726074, 0.664901, 0.866409]
[----------       26%                  ] 2676 of 10000 complete in 0.5 sec
[-----------------52%                  ] 5236 of 10000 complete in 1.0 sec
[-----------------79%----------        ] 7945 of 10000 complete in 1.5 sec
[-----------------100%-----------------] 10000 of 10000 complete in 1.9 sec
Psi values:  [ 1.          0.79861149  0.74776238  0.62217327  0.05621286  0.03526523
  0.604255    0.7280675   0.82405644  0.56501546  0.04829192  0.03725933
  0.6614606   0.65135558  0.60507756  0.43449228  0.74356733]
MCMC_ExpVal [ 1.  1.] [ 1.  1.] 1.0
----------------------------------------------------------
Ture ExpVal [ 1.  1.] [ 1.  1.] 1.0
..........................................................
MCMC_ExpVal [ 2.  1.] [ 1.  1.] 0.798611486268
----------------------------------------------------------
Ture ExpVal [ 2.  1.] [ 1.  1.] 0.0159576912161
..........................................................
MCMC_ExpVal [ 2.  1.] [ 3.  1.] 0.747762375716
----------------------------------------------------------
Ture ExpVal [ 2.  1.] [ 3.  1.] 0.0159576912161
..........................................................
MCMC_ExpVal [ 3.  1.] [ 1.  1.] 0.622173266026
----------------------------------------------------------
Ture ExpVal [ 3.  1.] [ 1.  1.] 3.21833465688e-180
..........................................................
MCMC_ExpVal [ 3.  1.] [ 3.  1.] 0.0562128572168
----------------------------------------------------------
Ture ExpVal [ 3.  1.] [ 3.  1.] 0.0319153824321
..........................................................
MCMC_ExpVal [ 3.  1.] [ 5.  1.] 0.0352652334592
----------------------------------------------------------
Ture ExpVal [ 3.  1.] [ 5.  1.] 0.0319153824321
..........................................................
MCMC_ExpVal [ 3.  1.] [ 7.  1.] 0.604255004627
----------------------------------------------------------
Ture ExpVal [ 3.  1.] [ 7.  1.] 3.21833465687e-180
..........................................................
MCMC_ExpVal [ 1.  2.] [ 1.  1.] 0.728067502067
----------------------------------------------------------
Ture ExpVal [ 1.  2.] [ 1.  1.] 0.0159576912161
..........................................................
MCMC_ExpVal [ 1.  2.] [ 1.  3.] 0.824056436595
----------------------------------------------------------
Ture ExpVal [ 1.  2.] [ 1.  3.] 0.0159576912161
..........................................................
MCMC_ExpVal [ 1.  3.] [ 1.  1.] 0.565015463153
----------------------------------------------------------
Ture ExpVal [ 1.  3.] [ 1.  1.] 3.21833465688e-180
..........................................................
MCMC_ExpVal [ 1.  3.] [ 1.  3.] 0.0482919168661
----------------------------------------------------------
Ture ExpVal [ 1.  3.] [ 1.  3.] 0.0319153824321
..........................................................
MCMC_ExpVal [ 1.  3.] [ 1.  5.] 0.0372593340935
----------------------------------------------------------
Ture ExpVal [ 1.  3.] [ 1.  5.] 0.0319153824321
..........................................................
MCMC_ExpVal [ 1.  3.] [ 1.  7.] 0.661460599523
----------------------------------------------------------
Ture ExpVal [ 1.  3.] [ 1.  7.] 3.21833465687e-180
..........................................................
MCMC_ExpVal [ 2.  2.] [ 1.  1.] 0.651355584351
----------------------------------------------------------
Ture ExpVal [ 2.  2.] [ 1.  1.] 0.000254647908947
..........................................................
MCMC_ExpVal [ 2.  2.] [ 1.  3.] 0.605077564811
----------------------------------------------------------
Ture ExpVal [ 2.  2.] [ 1.  3.] 0.000254647908947
..........................................................
MCMC_ExpVal [ 2.  2.] [ 3.  1.] 0.434492275348
----------------------------------------------------------
Ture ExpVal [ 2.  2.] [ 3.  1.] 0.000254647908947
..........................................................
MCMC_ExpVal [ 2.  2.] [ 3.  3.] 0.74356732979
----------------------------------------------------------
Ture ExpVal [ 2.  2.] [ 3.  3.] 0.000254647908947
..........................................................
*****************Residual***************   69.0921005834
+++++++++++++++++i+++++++++++++++++++++    16
------------------------------factors--- {1: [(0,), (1,)], 2: [(0, 1)], 3: []}
cg alpha:  [0, -0.0474836, -0.0683739, -0.00986862, 0.0132805, 0.0101583, -0.00241992, -0.0327514, -0.0836856, -0.0160039, 0.0157215, 0.00820073, 0.00417188, -0.0127502, -0.00180354, 0.00927867, -0.0112017]
old alpha:  [1, 0.399244, 0.038575, 0.765306, 1.24851, 1.17947, 0.927868, 0.554433, -0.102738, 0.696525, 1.27978, 1.15127, 0.987822, 0.5818, 0.727199, 0.654619, 0.865363]
[----------       26%                  ] 2688 of 10000 complete in 0.5 sec
[-----------------53%                  ] 5378 of 10000 complete in 1.0 sec
[-----------------81%----------        ] 8133 of 10000 complete in 1.5 sec
[-----------------100%-----------------] 10000 of 10000 complete in 1.9 sec
Psi values:  [ 1.          0.80333623  0.71907476  0.6218571   0.05837753  0.04022021
  0.57090025  0.8844855   0.67234644  0.69632427  0.05103926  0.03365944
  0.54093003  0.67116971  0.5766696   0.6569796   0.50092354]
MCMC_ExpVal [ 1.  1.] [ 1.  1.] 1.0
----------------------------------------------------------
Ture ExpVal [ 1.  1.] [ 1.  1.] 1.0
..........................................................
MCMC_ExpVal [ 2.  1.] [ 1.  1.] 0.803336226375
----------------------------------------------------------
Ture ExpVal [ 2.  1.] [ 1.  1.] 0.0159576912161
..........................................................
MCMC_ExpVal [ 2.  1.] [ 3.  1.] 0.719074763776
----------------------------------------------------------
Ture ExpVal [ 2.  1.] [ 3.  1.] 0.0159576912161
..........................................................
MCMC_ExpVal [ 3.  1.] [ 1.  1.] 0.621857103001
----------------------------------------------------------
Ture ExpVal [ 3.  1.] [ 1.  1.] 3.21833465688e-180
..........................................................
MCMC_ExpVal [ 3.  1.] [ 3.  1.] 0.058377527054
----------------------------------------------------------
Ture ExpVal [ 3.  1.] [ 3.  1.] 0.0319153824321
..........................................................
MCMC_ExpVal [ 3.  1.] [ 5.  1.] 0.0402202085406
----------------------------------------------------------
Ture ExpVal [ 3.  1.] [ 5.  1.] 0.0319153824321
..........................................................
MCMC_ExpVal [ 3.  1.] [ 7.  1.] 0.570900245718
----------------------------------------------------------
Ture ExpVal [ 3.  1.] [ 7.  1.] 3.21833465687e-180
..........................................................
MCMC_ExpVal [ 1.  2.] [ 1.  1.] 0.88448549893
----------------------------------------------------------
Ture ExpVal [ 1.  2.] [ 1.  1.] 0.0159576912161
..........................................................
MCMC_ExpVal [ 1.  2.] [ 1.  3.] 0.672346440301
----------------------------------------------------------
Ture ExpVal [ 1.  2.] [ 1.  3.] 0.0159576912161
..........................................................
MCMC_ExpVal [ 1.  3.] [ 1.  1.] 0.6963242741
----------------------------------------------------------
Ture ExpVal [ 1.  3.] [ 1.  1.] 3.21833465688e-180
..........................................................
MCMC_ExpVal [ 1.  3.] [ 1.  3.] 0.0510392634298
----------------------------------------------------------
Ture ExpVal [ 1.  3.] [ 1.  3.] 0.0319153824321
..........................................................
MCMC_ExpVal [ 1.  3.] [ 1.  5.] 0.0336594409897
----------------------------------------------------------
Ture ExpVal [ 1.  3.] [ 1.  5.] 0.0319153824321
..........................................................
MCMC_ExpVal [ 1.  3.] [ 1.  7.] 0.540930034357
----------------------------------------------------------
Ture ExpVal [ 1.  3.] [ 1.  7.] 3.21833465687e-180
..........................................................
MCMC_ExpVal [ 2.  2.] [ 1.  1.] 0.671169713453
----------------------------------------------------------
Ture ExpVal [ 2.  2.] [ 1.  1.] 0.000254647908947
..........................................................
MCMC_ExpVal [ 2.  2.] [ 1.  3.] 0.576669603749
----------------------------------------------------------
Ture ExpVal [ 2.  2.] [ 1.  3.] 0.000254647908947
..........................................................
MCMC_ExpVal [ 2.  2.] [ 3.  1.] 0.656979601355
----------------------------------------------------------
Ture ExpVal [ 2.  2.] [ 3.  1.] 0.000254647908947
..........................................................
MCMC_ExpVal [ 2.  2.] [ 3.  3.] 0.500923539444
----------------------------------------------------------
Ture ExpVal [ 2.  2.] [ 3.  3.] 0.000254647908947
..........................................................
*****************Residual***************   67.7231914558
+++++++++++++++++i+++++++++++++++++++++    17
------------------------------factors--- {1: [(0,), (1,)], 2: [(0, 1)], 3: []}
Alpha:  [1, 0.35176, -0.0297989, 0.755437, 1.2618, 1.18963, 0.925448, 0.521682, -0.186424, 0.680521, 1.2955, 1.15947, 0.991994, 0.56905, 0.725395, 0.663898, 0.854161]
Mean of the result:  16.5847747614
