Couldn't import dot_parser, loading of dot files will not be possible.
Dimension is: 2
Size of datasets is: 5000
Level is:  2
Gridsize is: 5
{1: [(0,), (1,)], 2: [(0, 1)]}
debug  [1, 1, 1, 1, 1]
Debug x:  [ 0.5  0.5]
Debug alpha[j]:  -0.0
Debug x:  [ 0.25  0.5 ]
Debug alpha[j]:  -312.5
Debug x:  [ 0.75  0.5 ]
Debug alpha[j]:  -312.5
Debug x:  [ 0.5   0.25]
Debug alpha[j]:  -312.5
Debug x:  [ 0.5   0.75]
Debug alpha[j]:  -312.5
True ALpha:  [-0, -312.5, -312.5, -312.5, -312.5]
[-----------------100%-----------------] 10 of 10 complete in 0.0 sec
[-----------      29%                  ] 2968 of 10000 complete in 0.5 sec
[-----------------55%-                 ] 5547 of 10000 complete in 1.0 sec
[-----------------80%----------        ] 8030 of 10000 complete in 1.5 sec
[-----------------100%-----------------] 10000 of 10000 complete in 1.9 sec
Psi values:  [ 1.          0.00235473  0.00146117  0.00290006  0.00137885]
MCMC_ExpVal [ 1.  1.] [ 1.  1.] 1.0
----------------------------------------------------------
Ture ExpVal [ 1.  1.] [ 1.  1.] 1.0
..........................................................
MCMC_ExpVal [ 2.  1.] [ 1.  1.] 0.00235473343217
----------------------------------------------------------
Ture ExpVal [ 2.  1.] [ 1.  1.] 0.0159576912161
..........................................................
MCMC_ExpVal [ 2.  1.] [ 3.  1.] 0.00146117312233
----------------------------------------------------------
Ture ExpVal [ 2.  1.] [ 3.  1.] 0.0159576912161
..........................................................
MCMC_ExpVal [ 1.  2.] [ 1.  1.] 0.00290006112083
----------------------------------------------------------
Ture ExpVal [ 1.  2.] [ 1.  1.] 0.0159576912161
..........................................................
MCMC_ExpVal [ 1.  2.] [ 1.  3.] 0.00137884821087
----------------------------------------------------------
Ture ExpVal [ 1.  2.] [ 1.  3.] 0.0159576912161
..........................................................
cg alpha:  [0, 0.0196203, 0.0194363, 0.019678, 0.0196034]
old alpha:  [1, 1, 1, 1, 1]
[---------        24%                  ] 2478 of 10000 complete in 0.5 sec
[-----------------49%                  ] 4959 of 10000 complete in 1.0 sec
[-----------------74%--------          ] 7463 of 10000 complete in 1.5 sec
[-----------------100%-----------------] 10000 of 10000 complete in 2.0 sec
[-----------------100%-----------------] 10000 of 10000 complete in 2.0 sec
Psi values:  [ 1.          0.00159156  0.0015527   0.00167811  0.00152755]
MCMC_ExpVal [ 1.  1.] [ 1.  1.] 1.0
----------------------------------------------------------
Ture ExpVal [ 1.  1.] [ 1.  1.] 1.0
..........................................................
MCMC_ExpVal [ 2.  1.] [ 1.  1.] 0.00159156180685
----------------------------------------------------------
Ture ExpVal [ 2.  1.] [ 1.  1.] 0.0159576912161
..........................................................
MCMC_ExpVal [ 2.  1.] [ 3.  1.] 0.00155269729417
----------------------------------------------------------
Ture ExpVal [ 2.  1.] [ 3.  1.] 0.0159576912161
..........................................................
MCMC_ExpVal [ 1.  2.] [ 1.  1.] 0.00167811431988
----------------------------------------------------------
Ture ExpVal [ 1.  2.] [ 1.  1.] 0.0159576912161
..........................................................
MCMC_ExpVal [ 1.  2.] [ 1.  3.] 0.00152755040246
----------------------------------------------------------
Ture ExpVal [ 1.  2.] [ 1.  3.] 0.0159576912161
..........................................................
*****************Residual***************   16.1173489826
+++++++++++++++++i+++++++++++++++++++++    1
------------------------------factors--- {1: [(0,), (1,)], 2: [(0, 1)]}
cg alpha:  [0, 0.0197157, 0.0194249, 0.0198308, 0.0195848]
old alpha:  [1, 1.01962, 1.01944, 1.01968, 1.0196]
[---------        25%                  ] 2543 of 10000 complete in 0.5 sec
[-----------------50%                  ] 5090 of 10000 complete in 1.0 sec
[-----------------76%---------         ] 7636 of 10000 complete in 1.5 sec
[-----------------100%-----------------] 10000 of 10000 complete in 2.0 sec
Psi values:  [ 1.          0.00165598  0.00148871  0.00154777  0.00159003]
MCMC_ExpVal [ 1.  1.] [ 1.  1.] 1.0
----------------------------------------------------------
Ture ExpVal [ 1.  1.] [ 1.  1.] 1.0
..........................................................
MCMC_ExpVal [ 2.  1.] [ 1.  1.] 0.00165597511816
----------------------------------------------------------
Ture ExpVal [ 2.  1.] [ 1.  1.] 0.0159576912161
..........................................................
MCMC_ExpVal [ 2.  1.] [ 3.  1.] 0.00148871214314
----------------------------------------------------------
Ture ExpVal [ 2.  1.] [ 3.  1.] 0.0159576912161
..........................................................
MCMC_ExpVal [ 1.  2.] [ 1.  1.] 0.00154777482964
----------------------------------------------------------
Ture ExpVal [ 1.  2.] [ 1.  1.] 0.0159576912161
..........................................................
MCMC_ExpVal [ 1.  2.] [ 1.  3.] 0.00159002697625
----------------------------------------------------------
Ture ExpVal [ 1.  2.] [ 1.  3.] 0.0159576912161
..........................................................
*****************Residual***************   16.4292249503
+++++++++++++++++i+++++++++++++++++++++    2
------------------------------factors--- {1: [(0,), (1,)], 2: [(0, 1)]}
cg alpha:  [0, 0.0197077, 0.0194329, 0.019847, 0.019577]
old alpha:  [1, 1.03934, 1.03886, 1.03951, 1.03919]
[---------        25%                  ] 2559 of 10000 complete in 0.5 sec
[-----------------51%                  ] 5109 of 10000 complete in 1.0 sec
[-----------------76%--------          ] 7602 of 10000 complete in 1.5 sec
[-----------------100%-----------------] 10000 of 10000 complete in 2.0 sec
Psi values:  [ 1.          0.00162301  0.00162337  0.00166756  0.00160758]
MCMC_ExpVal [ 1.  1.] [ 1.  1.] 1.0
----------------------------------------------------------
Ture ExpVal [ 1.  1.] [ 1.  1.] 1.0
..........................................................
MCMC_ExpVal [ 2.  1.] [ 1.  1.] 0.00162300689826
----------------------------------------------------------
Ture ExpVal [ 2.  1.] [ 1.  1.] 0.0159576912161
..........................................................
MCMC_ExpVal [ 2.  1.] [ 3.  1.] 0.00162337164739
----------------------------------------------------------
Ture ExpVal [ 2.  1.] [ 3.  1.] 0.0159576912161
..........................................................
MCMC_ExpVal [ 1.  2.] [ 1.  1.] 0.0016675617613
----------------------------------------------------------
Ture ExpVal [ 1.  2.] [ 1.  1.] 0.0159576912161
..........................................................
MCMC_ExpVal [ 1.  2.] [ 1.  3.] 0.00160758362408
----------------------------------------------------------
Ture ExpVal [ 1.  2.] [ 1.  3.] 0.0159576912161
..........................................................
*****************Residual***************   16.7410717375
+++++++++++++++++i+++++++++++++++++++++    3
------------------------------factors--- {1: [(0,), (1,)], 2: [(0, 1)]}
cg alpha:  [0, 0.0197118, 0.0194161, 0.0198321, 0.0195748]
old alpha:  [1, 1.05904, 1.05829, 1.05936, 1.05877]
[---------        25%                  ] 2571 of 10000 complete in 0.5 sec
[-----------------50%                  ] 5070 of 10000 complete in 1.0 sec
[-----------------76%--------          ] 7614 of 10000 complete in 1.5 sec
[-----------------100%-----------------] 10000 of 10000 complete in 2.0 sec
Psi values:  [ 1.          0.00158442  0.00144246  0.00175118  0.00157149]
MCMC_ExpVal [ 1.  1.] [ 1.  1.] 1.0
----------------------------------------------------------
Ture ExpVal [ 1.  1.] [ 1.  1.] 1.0
..........................................................
MCMC_ExpVal [ 2.  1.] [ 1.  1.] 0.00158441729111
----------------------------------------------------------
Ture ExpVal [ 2.  1.] [ 1.  1.] 0.0159576912161
..........................................................
MCMC_ExpVal [ 2.  1.] [ 3.  1.] 0.00144246224085
----------------------------------------------------------
Ture ExpVal [ 2.  1.] [ 3.  1.] 0.0159576912161
..........................................................
MCMC_ExpVal [ 1.  2.] [ 1.  1.] 0.00175117929377
----------------------------------------------------------
Ture ExpVal [ 1.  2.] [ 1.  1.] 0.0159576912161
..........................................................
MCMC_ExpVal [ 1.  2.] [ 1.  3.] 0.00157148517227
----------------------------------------------------------
Ture ExpVal [ 1.  2.] [ 1.  3.] 0.0159576912161
..........................................................
*****************Residual***************   17.0530883648
+++++++++++++++++i+++++++++++++++++++++    4
------------------------------factors--- {1: [(0,), (1,)], 2: [(0, 1)]}
cg alpha:  [0, 0.0197166, 0.0194387, 0.0198216, 0.0195793]
old alpha:  [1, 1.07876, 1.07771, 1.07919, 1.07834]
[---------        24%                  ] 2493 of 10000 complete in 0.5 sec
[-----------------49%                  ] 4969 of 10000 complete in 1.0 sec
[-----------------74%--------          ] 7459 of 10000 complete in 1.5 sec
[-----------------99%----------------- ] 9950 of 10000 complete in 2.0 sec
[-----------------100%-----------------] 10000 of 10000 complete in 2.0 sec
Psi values:  [ 1.          0.00150298  0.00162973  0.00146455  0.00158197]
MCMC_ExpVal [ 1.  1.] [ 1.  1.] 1.0
----------------------------------------------------------
Ture ExpVal [ 1.  1.] [ 1.  1.] 1.0
..........................................................
MCMC_ExpVal [ 2.  1.] [ 1.  1.] 0.00150298448523
----------------------------------------------------------
Ture ExpVal [ 2.  1.] [ 1.  1.] 0.0159576912161
..........................................................
MCMC_ExpVal [ 2.  1.] [ 3.  1.] 0.00162973267222
----------------------------------------------------------
Ture ExpVal [ 2.  1.] [ 3.  1.] 0.0159576912161
..........................................................
MCMC_ExpVal [ 1.  2.] [ 1.  1.] 0.00146454930094
----------------------------------------------------------
Ture ExpVal [ 1.  2.] [ 1.  1.] 0.0159576912161
..........................................................
MCMC_ExpVal [ 1.  2.] [ 1.  3.] 0.00158197158461
----------------------------------------------------------
Ture ExpVal [ 1.  2.] [ 1.  3.] 0.0159576912161
..........................................................
*****************Residual***************   17.3652696924
+++++++++++++++++i+++++++++++++++++++++    5
------------------------------factors--- {1: [(0,), (1,)], 2: [(0, 1)]}
Alpha:  [1, 1.09847, 1.09715, 1.09901, 1.09792]
Mean of the result:  5.88971320076
